PRT1
404
974
4 0 17 (6144 1024 768 ) (6144 1024 3264 ) (6144 1296 3264 ) (6144 1296 768 ) 
4 0 5 (6144 1024 3264 ) (6144 1024 768 ) (6512 1024 768 ) (6512 1024 3264 ) 
4 1 15 (6256 1024 -256 ) (6512 1024 -256 ) (6512 1024 0 ) (6256 1024 0 ) 
4 1 6 (6512 1024 0 ) (6512 1024 384 ) (6256 1024 384 ) (6256 1024 0 ) 
4 1 3 (6256 1024 0 ) (6256 1024 384 ) (6256 1040 384 ) (6256 1040 0 ) 
4 1 4 (6256 1040 -256 ) (6256 1024 -256 ) (6256 1024 -64 ) (6256 1040 -64 ) 
4 1 2 (6256 1296 -256 ) (6256 1040 -256 ) (6256 1040 384 ) (6256 1296 384 ) 
4 2 22 (6144 1296 0 ) (6144 1296 -256 ) (6144 1040 -256 ) (6144 1040 0 ) 
4 2 19 (6144 1040 384 ) (6144 1296 384 ) (6144 1296 0 ) (6144 1040 0 ) 
4 2 3 (6256 1040 0 ) (6256 1040 384 ) (6144 1040 384 ) (6144 1040 0 ) 
4 2 4 (6144 1040 -256 ) (6256 1040 -256 ) (6256 1040 -64 ) (6144 1040 -64 ) 
4 3 20 (6144 1024 0 ) (6144 1024 384 ) (6144 1040 384 ) (6144 1040 0 ) 
4 3 10 (6144 1024 384 ) (6144 1024 0 ) (6208 1024 0 ) (6208 1024 384 ) 
4 3 7 (6208 1024 0 ) (6256 1024 0 ) (6256 1024 384 ) (6208 1024 384 ) 
4 4 23 (6144 1024 -256 ) (6144 1024 -64 ) (6144 1040 -64 ) (6144 1040 -256 ) 
4 4 16 (6144 1024 -64 ) (6144 1024 -256 ) (6256 1024 -256 ) (6256 1024 -64 ) 
4 5 58 (6512 0 3264 ) (6144 0 3264 ) (6144 0 768 ) (6512 0 768 ) 
4 5 28 (6144 0 768 ) (6144 0 3264 ) (6144 1024 3264 ) (6144 1024 768 ) 
6 5 11 (6208 0 768 ) (6144 0 768 ) (6144 796.631409 768 ) (6176 736 768 ) (6200 657.998779 768 ) (6208 576.002075 768 ) 
4 6 59 (6256 0 384 ) (6256 0 0 ) (6512 0 0 ) (6512 0 384 ) 
4 6 15 (6256 1024 0 ) (6512 1024 0 ) (6512 0 0 ) (6256 0 0 ) 
4 6 8 (6256 640.856689 0 ) (6256 575.997009 0 ) (6256 575.996948 384 ) (6256 640.856628 384 ) 
4 6 7 (6256 1024 0 ) (6256 640.856689 0 ) (6256 640.856628 384 ) (6256 1024 384 ) 
4 7 14 (6208 797.792847 0 ) (6208 791.714722 0 ) (6208 791.714722 384 ) (6208 797.792786 384 ) 
4 7 13 (6208 992 0 ) (6208 797.792847 0 ) (6208 797.792786 384 ) (6208 992 384 ) 
4 7 10 (6208 1024 0 ) (6208 992 0 ) (6208 992 384 ) (6208 1024 384 ) 
4 7 9 (6220 754 384 ) (6208 791.713989 384 ) (6208 791.713989 0 ) (6220 754 0 ) 
4 7 8 (6256 640.855469 0 ) (6256 640.855469 384 ) (6248 666 384 ) (6248 666 0 ) 
4 9 14 (6208 791.714722 0 ) (6208 776.857239 0 ) (6208 776.857239 384 ) (6208 791.714722 384 ) 
4 10 30 (6144 1024 384 ) (6144 1024 0 ) (6144 992 0 ) (6144 992 384 ) 
4 10 13 (6144 992 0 ) (6208 992 0 ) (6208 992 384 ) (6144 992 384 ) 
4 11 63 (6208 0 768 ) (6144 0 768 ) (6144 0 736 ) (6208 0 736 ) 
4 11 38 (6144 0 736 ) (6144 0 768 ) (6144 32 768 ) (6144 56 736 ) 
4 11 37 (6144 32 768 ) (6144 357.010406 768 ) (6144 357.010406 736 ) (6144 56 736 ) 
4 11 29 (6144 357.010406 768 ) (6144 796.631409 768 ) (6144 796.631409 736 ) (6144 357.010406 736 ) 
6 11 12 (6144 0 736 ) (6144 796.631409 736 ) (6176 736 736 ) (6200 657.998779 736 ) (6208 576.002075 736 ) (6208 0 736 ) 
4 12 64 (6144 0 736 ) (6144 0 0 ) (6208 0 0 ) (6208 0 736 ) 
4 12 49 (6144 0 0 ) (6144 0 16 ) (6144 357.010406 16 ) (6144 357.010406 0 ) 
4 12 40 (6144 0 16 ) (6144 0 128 ) (6144 357.010406 128 ) (6144 357.010406 16 ) 
5 12 39 (6144 0 128 ) (6144 0 384 ) (6144 320 384 ) (6144 357.010406 334.652802 ) (6144 357.010406 128 ) 
4 12 38 (6144 0 384 ) (6144 0 736 ) (6144 56 736 ) (6144 320 384 ) 
3 12 37 (6144 56 736 ) (6144 357.010406 736 ) (6144 357.010406 334.652802 ) 
4 12 29 (6144 357.010406 736 ) (6144 796.631409 736 ) (6144 796.631409 0 ) (6144 357.010406 0 ) 
4 13 32 (6144 875.033630 736 ) (6144 992 736 ) (6144 992 0 ) (6144 875.033630 0 ) 
4 13 14 (6178 834 0 ) (6208 797.792969 0 ) (6208 797.792969 736 ) (6178 834 736 ) 
4 15 68 (6512 0 0 ) (6256 0 0 ) (6256 0 -256 ) (6512 0 -256 ) 
4 15 16 (6256 1024 -256 ) (6256 0 -256 ) (6256 0 -64 ) (6256 1024 -64 ) 
4 16 69 (6144 0 -64 ) (6144 0 -256 ) (6256 0 -256 ) (6256 0 -64 ) 
4 16 52 (6144 0 -256 ) (6144 0 -64 ) (6144 1024 -64 ) (6144 1024 -256 ) 
4 17 28 (6144 1024 768 ) (6144 1024 3264 ) (5344 1024 3264 ) (5344 1024 768 ) 
4 17 18 (5344 1296 3264 ) (5344 1296 768 ) (5344 1024 768 ) (5344 1024 3264 ) 
4 18 35 (5120 1024 768 ) (5120 1024 424.421143 ) (5344 1024 424.421082 ) (5344 1024 768 ) 
4 18 28 (5120 1024 3264 ) (5120 1024 768 ) (5344 1024 768 ) (5344 1024 3264 ) 
4 18 24 (5120 1024 424.421082 ) (5120 1024 3264 ) (5120 1296 3264 ) (5120 1296 768 ) 
4 19 25 (5120 1296 0 ) (5120 1040 0 ) (5120 1040 384 ) (5120 1296 384 ) 
4 19 22 (5120 1040 0 ) (5120 1296 0 ) (6144 1296 0 ) (6144 1040 0 ) 
4 19 20 (5792 1040 0 ) (6144 1040 0 ) (6144 1040 384 ) (5792 1040 384 ) 
4 20 30 (6144 1024 0 ) (6144 1024 384 ) (5972 1024 384 ) (5972 1024 0 ) 
4 20 21 (5882 1032 0 ) (5971.996094 1024 0 ) (5971.994141 1024 384 ) (5882.001465 1032 384 ) 
4 21 31 (5931.909180 1024 384 ) (5907.142090 1024 384 ) (5907.142090 1024 0 ) (5931.909180 1024 0 ) 
4 21 30 (5972 1024 384 ) (5931.909180 1024 384 ) (5931.909180 1024 0 ) (5972 1024 0 ) 
4 22 27 (5120 1296 -256 ) (5120 1040 -256 ) (5120 1040 -64 ) (5120 1296 -64 ) 
4 22 26 (5120 1040 -64 ) (5120 1040 0 ) (5120 1296 0 ) (5120 1296 -64 ) 
4 22 23 (5120 1040 -256 ) (6144 1040 -256 ) (6144 1040 -64 ) (5120 1040 -64 ) 
4 23 52 (6144 1024 -256 ) (6144 1024 -64 ) (5120 1024 -64 ) (5120 1024 -256 ) 
4 23 27 (5120 1040 -256 ) (5120 1024 -256 ) (5120 1024 -64 ) (5120 1040 -64 ) 
4 24 116 (4096 1024 424.421082 ) (4096 1024 3264 ) (4096 1296 3264 ) (4096 1296 768 ) 
4 24 53 (4096 1024 3264 ) (4096 1024 424.421143 ) (5120 1024 424.421082 ) (5120 1024 3264 ) 
4 25 117 (4096 1040 384 ) (4096 1296 384 ) (4096 1296 0 ) (4096 1040 0 ) 
4 25 26 (4096 1040 0 ) (4096 1296 0 ) (5120 1296 0 ) (5120 1040 0 ) 
4 26 118 (4096 1040 0 ) (4096 1296 0 ) (4096 1296 -64 ) (4096 1040 -64 ) 
4 26 27 (4096 1296 -64 ) (5120 1296 -64 ) (5120 1040 -64 ) (4096 1040 -64 ) 
4 27 119 (4096 1024 -256 ) (4096 1024 -64 ) (4096 1296 -64 ) (4096 1296 -256 ) 
4 27 57 (4096 1024 -64 ) (4096 1024 -256 ) (5120 1024 -256 ) (5120 1024 -64 ) 
4 28 75 (6144 0 768 ) (6144 0 3264 ) (5120 0 3264 ) (5120 0 768 ) 
4 28 53 (5120 1024 3264 ) (5120 1024 768 ) (5120 0 768 ) (5120 0 3264 ) 
4 28 38 (5120 0 768 ) (5120 32 768 ) (6144 32 768 ) (6144 0 768 ) 
4 28 37 (5120 32 768 ) (5120 869.010315 768 ) (6144 357.010376 768 ) (6144 32 768 ) 
4 28 35 (5120 869.010315 768 ) (5120 1024 768 ) (5344 1024 768 ) (5344 757.010315 768 ) 
10 28 29 (5792 992 768 ) (5874 984 768 ) (5952.001465 960 768 ) (6023.998535 922 768 ) (6086.001953 869.998047 768 ) (6137.998535 808.002258 768 ) (6144 796.630676 768 ) (6144 357.010376 768 ) (5344 757.010315 768 ) (5344 992 768 ) 
4 29 49 (5834.019531 512 0 ) (6144 357.009766 0 ) (6144 357.009796 16 ) (5834.019531 512 16 ) 
4 29 48 (5753.959961 552.029785 0 ) (5759.588379 549.215576 0 ) (5759.588379 549.215576 16 ) (5753.959961 552.029785 16 ) 
4 29 47 (5759.588379 549.215576 0 ) (5763.327637 547.346008 0 ) (5763.327637 547.346008 16 ) (5759.588379 549.215576 16 ) 
4 29 46 (5763.327637 547.346008 0 ) (5776 541.009766 0 ) (5776 541.009766 16 ) (5763.327637 547.346008 16 ) 
4 29 45 (5776 541.009766 0 ) (5834.019531 512 0 ) (5834.019531 512 16 ) (5776 541.009766 16 ) 
4 29 44 (5344 757.009766 0 ) (5738.019531 560 0 ) (5738.019531 560 16 ) (5344 757.009827 16 ) 
4 29 43 (5472 693.010132 128 ) (5344 757.010132 128 ) (5344 757.009827 16 ) (5472 693.009827 16 ) 
4 29 41 (5728 565.010132 128 ) (5472 693.010132 128 ) (5472 693.009827 16 ) (5728 565.009827 16 ) 
4 29 40 (6144 357.009796 16 ) (6144 357.010071 128 ) (5728 565.010132 128 ) (5728 565.009827 16 ) 
3 29 39 (6144 357.010071 128 ) (6144 357.010590 334.652527 ) (5834.020020 512 128 ) 
5 29 37 (6144 357.010590 334.652527 ) (6144 357.011719 768 ) (5344 757.011719 768 ) (5344 757.010132 128 ) (5834.020020 512 128 ) 
4 29 36 (5344 992 0 ) (5344 757.007813 0 ) (5344 757.007813 384 ) (5344 992 384 ) 
4 29 35 (5344 757.007813 384 ) (5344 757.007813 768 ) (5344 992 768 ) (5344 992 384 ) 
4 30 33 (5992.861816 992 0 ) (6047.085449 992 0 ) (6047.085449 992 384 ) (5992.861816 992 384 ) 
4 30 32 (6047.085449 992 0 ) (6144 992 0 ) (6144 992 384 ) (6047.085449 992 384 ) 
4 30 31 (5970.006348 1003.997742 384 ) (5931.906738 1024 384 ) (5931.906738 1024 0 ) (5970.006348 1003.997742 0 ) 
4 32 34 (6088.833496 941.614868 0 ) (6120 904 0 ) (6120 904 736 ) (6088.833496 941.614868 736 ) 
4 32 33 (6047.085938 992 736 ) (6047.085938 992 0 ) (6088.833496 941.614868 0 ) (6088.833496 941.614868 736 ) 
4 33 34 (6088.832031 941.613281 0 ) (6088.832031 941.613281 736 ) (6050 962 736 ) (6050 962 0 ) 
5 35 53 (5120 1024 768 ) (5120 1024 424.421051 ) (5120 992 384 ) (5120 869.010315 384 ) (5120 869.010315 768 ) 
4 35 37 (5344 757.010742 384 ) (5344 757.011719 768 ) (5120 869.011719 768 ) (5120 869.010742 384 ) 
4 35 36 (5344 992 384 ) (5344 757.007813 384 ) (5120 869.007813 384 ) (5120 992 384 ) 
4 36 54 (5120 992 0 ) (5120 869.010315 0 ) (5120 869.010315 384 ) (5120 992 384 ) 
4 36 44 (5120 869.009766 0 ) (5344 757.009766 0 ) (5344 757.009827 16 ) (5120 869.009827 16 ) 
4 36 43 (5344 757.009827 16 ) (5344 757.010132 128 ) (5120 869.010132 128 ) (5120 869.009827 16 ) 
4 36 37 (5344 757.010132 128 ) (5344 757.010742 384 ) (5120 869.010742 384 ) (5120 869.010132 128 ) 
3 37 56 (5120 512 128 ) (5120 320 384 ) (5120 512 384 ) 
4 37 55 (5120 560 128 ) (5120 512 128 ) (5120 512 384 ) (5120 560 384 ) 
4 37 54 (5120 869.010315 384 ) (5120 869.010315 128 ) (5120 560 128 ) (5120 560 384 ) 
4 37 53 (5120 32 768 ) (5120 869.010315 768 ) (5120 869.010315 384 ) (5120 320 384 ) 
4 37 43 (5120 869.003906 128 ) (5472 693.003906 128 ) (5472 512 128 ) (5120 512 128 ) 
4 37 41 (5472 693.003906 128 ) (5728 565.003906 128 ) (5728 512 128 ) (5472 512 128 ) 
3 37 40 (5728 565.003906 128 ) (5834.007813 512 128 ) (5728 512 128 ) 
5 37 39 (5728 512 128 ) (5834.019531 512 128 ) (6144 357.009796 334.653656 ) (6144 320 384 ) (5536 320 384 ) 
4 37 38 (6144 320 384 ) (6144 32 768 ) (5120 32 768 ) (5120 320 384 ) 
4 38 84 (6144 0 384 ) (6144 0 768 ) (5120 0 768 ) (5120 0 384 ) 
4 38 53 (5120 0 384 ) (5120 0 768 ) (5120 32 768 ) (5120 320 384 ) 
4 38 39 (5536 320 384 ) (6144 320 384 ) (6144 0 384 ) (5536 0 384 ) 
4 39 85 (6144 0 128 ) (6144 0 384 ) (5536 0 384 ) (5728 0 128 ) 
5 39 40 (5834.007813 512 128 ) (6144 357.003906 128 ) (6144 0 128 ) (5728 0 128 ) (5728 512 128 ) 
4 40 87 (6144 0 16 ) (6144 0 128 ) (5728 0 128 ) (5728 0 16 ) 
4 40 50 (5776 0 16 ) (5728 0 16 ) (5728 192 16 ) (5776 192 16 ) 
5 40 49 (5834.007813 512 16 ) (6144 357.003906 16 ) (6144 0 16 ) (5776 0 16 ) (5776 512 16 ) 
3 40 48 (5753.983398 552.012207 16 ) (5759.595215 549.206360 16 ) (5762 546 16 ) 
3 40 47 (5759.595215 549.206360 16 ) (5763.331543 547.338257 16 ) (5768.001953 537.997314 16 ) 
3 40 46 (5763.331543 547.338257 16 ) (5776 541.003906 16 ) (5776 522 16 ) 
3 40 45 (5776 541.003906 16 ) (5834.007813 512 16 ) (5776 512 16 ) 
3 40 44 (5728 565.003906 16 ) (5738.007813 560 16 ) (5728 560 16 ) 
4 40 41 (5728 565.007813 16 ) (5728 512 16 ) (5728 512 128 ) (5728 565.007813 128 ) 
4 40 42 (5728 192 16 ) (5728 0 16 ) (5728 0 128 ) (5728 192 128 ) 
4 41 44 (5472 693.003906 16 ) (5728 565.003906 16 ) (5728 560 16 ) (5472 560 16 ) 
4 41 43 (5472 693.011719 16 ) (5472 512 16 ) (5472 512 128 ) (5472 693.007813 128 ) 
4 42 88 (5728 0 128 ) (5472 0 128 ) (5472 0 16 ) (5728 0 16 ) 
4 42 51 (5728 192 16 ) (5728 0 16 ) (5472 0 16 ) (5472 192 16 ) 
4 43 55 (5120 512 128 ) (5120 560 128 ) (5120 560 16 ) (5120 512 16 ) 
4 43 54 (5120 560 128 ) (5120 869.010315 128 ) (5120 869.010315 16 ) (5120 560 16 ) 
4 43 44 (5120 560 16 ) (5120 869.003906 16 ) (5472 693.003906 16 ) (5472 560 16 ) 
4 44 54 (5120 869.010315 0 ) (5120 560 0 ) (5120 560 16 ) (5120 869.010315 16 ) 
4 45 49 (5776 512 0 ) (5834.019531 512 0 ) (5834.019531 512 16 ) (5776 512 16 ) 
4 45 46 (5776 522 16 ) (5776 541.010315 16 ) (5776 541.010315 0 ) (5776 522 0 ) 
4 46 47 (5768 537.998840 16 ) (5763.326660 547.347168 16 ) (5763.326660 547.347168 0 ) (5768 537.998840 0 ) 
4 47 48 (5762.003418 545.997375 16 ) (5759.589844 549.215210 16 ) (5759.589844 549.215210 0 ) (5762.003418 545.997375 0 ) 
4 49 91 (6144 0 0 ) (6144 0 16 ) (5776 0 16 ) (5776 0 0 ) 
4 49 50 (5776 192 0 ) (5776 0 0 ) (5776 0 16 ) (5776 192 16 ) 
4 50 92 (5776 0 16 ) (5728 0 16 ) (5728 0 0 ) (5776 0 0 ) 
4 50 51 (5728 192 0 ) (5728 0 0 ) (5728 0 16 ) (5728 192 16 ) 
4 51 93 (5728 0 16 ) (5472 0 16 ) (5472 0 0 ) (5728 0 0 ) 
4 52 99 (6144 0 -256 ) (6144 0 -64 ) (5120 0 -64 ) (5120 0 -256 ) 
4 52 57 (5120 1024 -64 ) (5120 1024 -256 ) (5120 0 -256 ) (5120 0 -64 ) 
5 53 124 (4096 0 384 ) (4096 0 3264 ) (4096 1024 3264 ) (4096 1024 424.421143 ) (4096 992 384 ) 
4 53 100 (5120 0 384 ) (5120 0 3264 ) (4096 0 3264 ) (4096 0 384 ) 
4 53 56 (4096 320 384 ) (4096 512 384 ) (5120 512 384 ) (5120 320 384 ) 
4 53 55 (4096 512 384 ) (4096 560 384 ) (5120 560 384 ) (5120 512 384 ) 
4 53 54 (4096 560 384 ) (4096 992 384 ) (5120 992 384 ) (5120 560 384 ) 
4 54 125 (4096 560 384 ) (4096 992 384 ) (4096 992 0 ) (4096 560 0 ) 
4 54 55 (5120 560 16 ) (5120 560 384 ) (4096 560 384 ) (4096 560 16 ) 
4 55 126 (4096 512 384 ) (4096 560 384 ) (4096 560 16 ) (4096 512 16 ) 
4 55 56 (5120 512 128 ) (5120 512 384 ) (4096 512 384 ) (4096 512 128 ) 
3 56 127 (4096 320 384 ) (4096 512 384 ) (4096 512 128 ) 
4 57 128 (4096 0 -256 ) (4096 0 -64 ) (4096 1024 -64 ) (4096 1024 -256 ) 
4 57 104 (5120 0 -256 ) (5120 0 -64 ) (4096 0 -64 ) (4096 0 -256 ) 
4 58 75 (6144 0 3264 ) (6144 0 768 ) (6144 -1024 768 ) (6144 -1024 3264 ) 
4 58 70 (6512 -1024 3264 ) (6144 -1024 3264 ) (6144 -1024 768 ) (6512 -1024 768 ) 
6 58 63 (6144 -796.630981 768 ) (6144 0 768 ) (6208 0 768 ) (6208 -576 768 ) (6200 -658 768 ) (6176 -736 768 ) 
4 59 71 (6256 -1024 384 ) (6256 -1024 0 ) (6512 -1024 0 ) (6512 -1024 384 ) 
4 59 68 (6256 0 0 ) (6512 0 0 ) (6512 -1024 0 ) (6256 -1024 0 ) 
4 59 62 (6256 -576.002563 0 ) (6256 -640.856812 0 ) (6256 -640.856812 384 ) (6256 -576.002625 384 ) 
4 59 61 (6256 -640.856812 0 ) (6256 -685.429688 0 ) (6256 -685.429688 384 ) (6256 -640.856812 384 ) 
4 59 60 (6256 -685.429688 0 ) (6256 -1024 0 ) (6256 -1024 384 ) (6256 -685.429688 384 ) 
4 60 72 (6208 -1024 384 ) (6208 -1024 0 ) (6256 -1024 0 ) (6256 -1024 384 ) 
4 60 67 (6208 -992 0 ) (6208 -1024 0 ) (6208 -1024 384 ) (6208 -992 384 ) 
4 60 66 (6208 -776.858276 0 ) (6208 -797.793335 0 ) (6208 -797.793335 384 ) (6208 -776.858276 384 ) 
4 60 65 (6208 -797.793335 0 ) (6208 -992 0 ) (6208 -992 384 ) (6208 -797.793335 384 ) 
4 60 61 (6219.996094 -754.012817 384 ) (6256 -685.433960 384 ) (6256 -685.433960 0 ) (6219.996094 -754.012817 0 ) 
4 61 62 (6248 -666.004883 384 ) (6256 -640.861450 384 ) (6256 -640.861450 0 ) (6248 -666.004883 0 ) 
4 63 84 (6144 0 768 ) (6144 0 736 ) (6144 -357.010437 736 ) (6144 -357.010437 768 ) 
4 63 76 (6144 -357.010437 736 ) (6144 -796.630920 736 ) (6144 -796.630981 768 ) (6144 -357.010437 768 ) 
6 63 64 (6144 -796.630981 736 ) (6144 0 736 ) (6208 0 736 ) (6208 -576 736 ) (6200 -658 736 ) (6176 -736 736 ) 
4 64 91 (6144 0 16 ) (6144 0 0 ) (6144 -357.010406 0 ) (6144 -357.010406 16 ) 
4 64 87 (6144 0 128 ) (6144 0 16 ) (6144 -357.010406 16 ) (6144 -357.010406 128 ) 
4 64 85 (6144 0 384 ) (6144 0 128 ) (6144 -357.010406 128 ) (6144 -357.010406 384 ) 
4 64 84 (6144 0 736 ) (6144 0 384 ) (6144 -357.010406 384 ) (6144 -357.010406 736 ) 
4 64 76 (6144 -357.010406 0 ) (6144 -796.631409 0 ) (6144 -796.631409 736 ) (6144 -357.010406 736 ) 
4 65 77 (6144 -875.034424 0 ) (6144 -992 0 ) (6144 -992 736 ) (6144 -875.034424 736 ) 
4 65 67 (6144 -992 0 ) (6208 -992 0 ) (6208 -992 384 ) (6144 -992 384 ) 
4 65 66 (6178 -834 736 ) (6208 -797.793518 736 ) (6208 -797.793518 0 ) (6178 -834 0 ) 
4 67 80 (6144 -992 0 ) (6144 -1024 0 ) (6144 -1024 384 ) (6144 -992 384 ) 
4 67 72 (6144 -1024 384 ) (6144 -1024 0 ) (6208 -1024 0 ) (6208 -1024 384 ) 
4 68 71 (6512 -1024 0 ) (6256 -1024 0 ) (6256 -1024 -256 ) (6512 -1024 -256 ) 
4 68 69 (6256 0 -256 ) (6256 -1024 -256 ) (6256 -1024 -64 ) (6256 0 -64 ) 
4 69 99 (6144 0 -64 ) (6144 0 -256 ) (6144 -1024 -256 ) (6144 -1024 -64 ) 
4 69 73 (6144 -1024 -64 ) (6144 -1024 -256 ) (6256 -1024 -256 ) (6256 -1024 -64 ) 
4 70 105 (6144 -1296 768 ) (6144 -1296 3264 ) (6144 -1024 3264 ) (6144 -1024 768 ) 
4 71 72 (6256 -1040 0 ) (6256 -1040 384 ) (6256 -1024 384 ) (6256 -1024 0 ) 
4 71 73 (6256 -1024 -256 ) (6256 -1040 -256 ) (6256 -1040 -64 ) (6256 -1024 -64 ) 
4 71 74 (6256 -1040 -256 ) (6256 -1296 -256 ) (6256 -1296 384 ) (6256 -1040 384 ) 
4 72 107 (6144 -1040 384 ) (6144 -1024 384 ) (6144 -1024 0 ) (6144 -1040 0 ) 
4 72 74 (6256 -1040 0 ) (6256 -1040 384 ) (6144 -1040 384 ) (6144 -1040 0 ) 
4 73 110 (6144 -1024 -64 ) (6144 -1024 -256 ) (6144 -1040 -256 ) (6144 -1040 -64 ) 
4 73 74 (6144 -1040 -256 ) (6256 -1040 -256 ) (6256 -1040 -64 ) (6144 -1040 -64 ) 
4 74 111 (6144 -1296 -256 ) (6144 -1296 0 ) (6144 -1040 0 ) (6144 -1040 -256 ) 
4 74 109 (6144 -1296 0 ) (6144 -1296 384 ) (6144 -1040 384 ) (6144 -1040 0 ) 
4 75 106 (5344 -1024 3264 ) (5120 -1024 3264 ) (5120 -1024 768 ) (5344 -1024 768 ) 
4 75 105 (6144 -1024 768 ) (6144 -1024 3264 ) (5344 -1024 3264 ) (5344 -1024 768 ) 
4 75 100 (5120 0 3264 ) (5120 0 768 ) (5120 -1024 768 ) (5120 -1024 3264 ) 
4 75 84 (5120 -869.010315 768 ) (5120 0 768 ) (6144 0 768 ) (6144 -357.010376 768 ) 
4 75 82 (5120 -1024 768 ) (5120 -869.010315 768 ) (5344 -757.010315 768 ) (5344 -1024 768 ) 
10 75 76 (5344 -757.010315 768 ) (6144 -357.010376 768 ) (6144 -796.630981 768 ) (6138 -808 768 ) (6086 -870 768 ) (6024 -922 768 ) (5952 -960 768 ) (5874 -984 768 ) (5792 -992 768 ) (5344 -992 768 ) 
4 76 97 (5759.584961 -549.219299 0 ) (5753.951660 -552.035950 0 ) (5753.951660 -552.035950 16 ) (5759.584961 -549.219299 16 ) 
4 76 96 (5763.326172 -547.348694 0 ) (5759.584961 -549.219299 0 ) (5759.584961 -549.219299 16 ) (5763.326172 -547.348694 16 ) 
4 76 95 (5776 -541.011719 0 ) (5763.326172 -547.348694 0 ) (5763.326172 -547.348694 16 ) (5776 -541.011719 16 ) 
4 76 94 (5834.023438 -512 0 ) (5776 -541.011719 0 ) (5776 -541.011719 16 ) (5834.023438 -512 16 ) 
4 76 98 (5738.023438 -560 0 ) (5344 -757.011719 0 ) (5344 -757.011658 16 ) (5738.023438 -560 16 ) 
4 76 91 (6144 -357.011719 0 ) (5834.023438 -512 0 ) (5834.023438 -512 16 ) (6144 -357.011688 16 ) 
4 76 90 (5344 -757.011658 16 ) (5344 -757.011353 128 ) (5472 -693.011353 128 ) (5472 -693.011658 16 ) 
4 76 89 (5472 -693.011353 128 ) (5728 -565.011353 128 ) (5728 -565.011658 16 ) (5472 -693.011658 16 ) 
4 76 87 (5728 -565.011353 128 ) (6144 -357.011414 128 ) (6144 -357.011688 16 ) (5728 -565.011658 16 ) 
4 76 86 (5344 -757.011353 128 ) (5344 -757.010742 384 ) (5536 -661.010986 384 ) (5728 -565.011597 128 ) 
4 76 85 (5536 -661.010986 384 ) (6144 -357.010773 384 ) (6144 -357.011414 128 ) (5728 -565.011597 128 ) 
4 76 84 (5344 -757.010742 384 ) (5344 -757.009766 768 ) (6144 -357.009827 768 ) (6144 -357.010773 384 ) 
4 76 83 (5344 -757.007813 384 ) (5344 -757.007813 0 ) (5344 -992 0 ) (5344 -992 384 ) 
4 76 82 (5344 -757.007813 768 ) (5344 -757.007813 384 ) (5344 -992 384 ) (5344 -992 768 ) 
4 77 80 (6047.085938 -992 0 ) (6144 -992 0 ) (6144 -992 384 ) (6047.085938 -992 384 ) 
4 77 79 (6119.991211 -904.007446 0 ) (6088.828613 -941.617310 0 ) (6088.828613 -941.617310 736 ) (6119.991211 -904.007446 736 ) 
4 77 78 (6088.828613 -941.617310 0 ) (6047.083008 -992 0 ) (6047.083008 -992 736 ) (6088.828613 -941.617310 736 ) 
4 78 80 (5992.861816 -992 0 ) (6047.085938 -992 0 ) (6047.085938 -992 384 ) (5992.861816 -992 384 ) 
4 78 79 (6049.985840 -962.011902 736 ) (6088.839844 -941.613281 736 ) (6088.839844 -941.613281 0 ) (6049.985840 -962.011902 0 ) 
4 80 108 (5972 -1024 384 ) (5931.909668 -1024 384 ) (5931.909668 -1024 0 ) (5972 -1024 0 ) 
4 80 107 (6144 -1024 0 ) (6144 -1024 384 ) (5972 -1024 384 ) (5972 -1024 0 ) 
4 80 81 (5931.911621 -1024 384 ) (5970.015625 -1003.995300 384 ) (5970.015625 -1003.995300 0 ) (5931.911621 -1024 0 ) 
4 81 108 (5931.909668 -1024 384 ) (5907.143066 -1024 384 ) (5907.143066 -1024 0 ) (5931.909668 -1024 0 ) 
4 82 106 (5344 -1024 768 ) (5120 -1024 768 ) (5120 -1024 424.421051 ) (5344 -1024 424.421082 ) 
5 82 100 (5120 -1024 424.421082 ) (5120 -1024 768 ) (5120 -869.010315 768 ) (5120 -869.010315 384 ) (5120 -992 384 ) 
4 82 84 (5120 -869.010742 384 ) (5120 -869.009766 768 ) (5344 -757.009766 768 ) (5344 -757.010742 384 ) 
4 82 83 (5120 -869.007813 384 ) (5344 -757.007813 384 ) (5344 -992 384 ) (5120 -992 384 ) 
4 83 103 (5120 -869.010315 0 ) (5120 -992 0 ) (5120 -992 384 ) (5120 -869.010315 384 ) 
4 83 98 (5344 -757.011719 0 ) (5120 -869.011719 0 ) (5120 -869.011658 16 ) (5344 -757.011658 16 ) 
4 83 90 (5120 -869.011658 16 ) (5120 -869.011353 128 ) (5344 -757.011353 128 ) (5344 -757.011658 16 ) 
4 83 86 (5120 -869.011353 128 ) (5120 -869.010742 384 ) (5344 -757.010742 384 ) (5344 -757.011353 128 ) 
4 84 100 (5120 0 768 ) (5120 0 384 ) (5120 -869.010315 384 ) (5120 -869.010315 768 ) 
4 84 86 (5536 -661.011902 384 ) (5120 -869.011719 384 ) (5120 -320.009949 384 ) (5536 -320.010040 384 ) 
4 84 85 (6144 -357.011719 384 ) (5536 -661.011902 384 ) (5536 0 384 ) (6144 0 384 ) 
4 85 87 (6144 -357.011719 128 ) (5728 -565.011841 128 ) (5728 0 128 ) (6144 0 128 ) 
4 85 86 (5728 -512 128 ) (5728 -565.003906 128 ) (5536 -661.011719 384 ) (5536 -320.009979 384 ) 
4 86 103 (5120 -560 128 ) (5120 -869.010315 128 ) (5120 -869.010315 384 ) (5120 -560 384 ) 
4 86 102 (5120 -512 128 ) (5120 -560 128 ) (5120 -560 384 ) (5120 -512 384 ) 
3 86 101 (5120 -512 128 ) (5120 -512 384 ) (5120 -320.010010 384 ) 
4 86 90 (5472 -693.011658 128 ) (5120 -869.011719 128 ) (5120 -512 128 ) (5472 -512 128 ) 
4 86 89 (5728 -565.011841 128 ) (5472 -693.011658 128 ) (5472 -512 128 ) (5728 -512 128 ) 
3 87 97 (5759.584961 -549.219299 16 ) (5753.951660 -552.035950 16 ) (5762 -546 16 ) 
3 87 96 (5763.326172 -547.348694 16 ) (5759.584961 -549.219299 16 ) (5768.002930 -537.995300 16 ) 
3 87 95 (5776 -541.011719 16 ) (5763.326172 -547.348694 16 ) (5776 -522.001038 16 ) 
3 87 94 (5834.023438 -512 16 ) (5776 -541.011719 16 ) (5776 -512 16 ) 
3 87 98 (5738.023438 -560 16 ) (5728 -565.011719 16 ) (5728 -560 16 ) 
4 87 92 (5728 -192 16 ) (5728 0 16 ) (5776 0 16 ) (5776 -192 16 ) 
5 87 91 (6144 -357.011719 16 ) (5834.023438 -512 16 ) (5776 -512 16 ) (5776 0 16 ) (6144 0 16 ) 
4 87 88 (5728 0 16 ) (5728 -192 16 ) (5728 -192 128 ) (5728 0 128 ) 
4 87 89 (5728 -512 16 ) (5728 -565.007813 16 ) (5728 -565.007813 128 ) (5728 -512 128 ) 
4 88 93 (5472 -192 16 ) (5472 0 16 ) (5728 0 16 ) (5728 -192 16 ) 
4 89 98 (5728 -565.011719 16 ) (5472 -693.011719 16 ) (5472 -560 16 ) (5728 -560 16 ) 
4 89 90 (5472 -512 16 ) (5472 -693.007813 16 ) (5472 -693.011719 128 ) (5472 -512 128 ) 
4 90 103 (5120 -560 16 ) (5120 -869.010315 16 ) (5120 -869.010315 128 ) (5120 -560 128 ) 
4 90 102 (5120 -512 16 ) (5120 -560 16 ) (5120 -560 128 ) (5120 -512 128 ) 
4 90 98 (5472 -693.011719 16 ) (5120 -869.011719 16 ) (5120 -560 16 ) (5472 -560 16 ) 
4 91 94 (5776 -512 0 ) (5834.019531 -512 0 ) (5834.019531 -512 16 ) (5776 -512 16 ) 
4 91 92 (5776 0 0 ) (5776 -192 0 ) (5776 -192 16 ) (5776 0 16 ) 
4 92 93 (5728 0 0 ) (5728 -192 0 ) (5728 -192 16 ) (5728 0 16 ) 
4 94 95 (5776 -522 0 ) (5776 -541.010315 0 ) (5776 -541.010315 16 ) (5776 -522 16 ) 
4 95 96 (5768.001953 -537.996399 0 ) (5763.326660 -547.347168 0 ) (5763.326660 -547.347168 16 ) (5768.001953 -537.996399 16 ) 
4 96 97 (5762.003418 -545.997375 0 ) (5759.589844 -549.215210 0 ) (5759.589844 -549.215210 16 ) (5762.003418 -545.997375 16 ) 
4 98 103 (5120 -560 0 ) (5120 -869.010315 0 ) (5120 -869.010315 16 ) (5120 -560 16 ) 
4 99 110 (6144 -1024 -256 ) (6144 -1024 -64 ) (5120 -1024 -64 ) (5120 -1024 -256 ) 
4 99 104 (5120 0 -64 ) (5120 0 -256 ) (5120 -1024 -256 ) (5120 -1024 -64 ) 
5 100 159 (4096 -1024 424.421082 ) (4096 -1024 3264 ) (4096 0 3264 ) (4096 0 384 ) (4096 -992 384 ) 
4 100 112 (5120 -1024 424.421082 ) (5120 -1024 3264 ) (4096 -1024 3264 ) (4096 -1024 424.421143 ) 
4 100 103 (4096 -992 384 ) (4096 -560 384 ) (5120 -560 384 ) (5120 -992 384 ) 
4 100 102 (4096 -560 384 ) (4096 -512 384 ) (5120 -512 384 ) (5120 -560 384 ) 
4 100 101 (4096 -512 384 ) (4096 -320 384 ) (5120 -320 384 ) (5120 -512 384 ) 
3 101 160 (4096 -512 384 ) (4096 -320 384 ) (4096 -512 128 ) 
4 101 102 (5120 -512 128 ) (5120 -512 384 ) (4096 -512 384 ) (4096 -512 128 ) 
4 102 161 (4096 -560 384 ) (4096 -512 384 ) (4096 -512 16 ) (4096 -560 16 ) 
4 102 103 (5120 -560 16 ) (5120 -560 384 ) (4096 -560 384 ) (4096 -560 16 ) 
4 103 162 (4096 -992 384 ) (4096 -560 384 ) (4096 -560 0 ) (4096 -992 0 ) 
4 104 163 (4096 -1024 -256 ) (4096 -1024 -64 ) (4096 0 -64 ) (4096 0 -256 ) 
4 104 115 (5120 -1024 -256 ) (5120 -1024 -64 ) (4096 -1024 -64 ) (4096 -1024 -256 ) 
4 105 106 (5344 -1024 3264 ) (5344 -1024 768 ) (5344 -1296 768 ) (5344 -1296 3264 ) 
4 106 112 (5120 -1024 3264 ) (5120 -1024 424.421143 ) (5120 -1296 768 ) (5120 -1296 3264 ) 
4 107 109 (5791.998535 -1040 0 ) (6144 -1040 0 ) (6144 -1040 384 ) (5791.998535 -1040 384 ) 
4 107 108 (5971.994141 -1024 0 ) (5882.002441 -1032 0 ) (5882.001465 -1032 384 ) (5971.996094 -1024 384 ) 
4 109 113 (5120 -1296 384 ) (5120 -1040 384 ) (5120 -1040 0 ) (5120 -1296 0 ) 
4 109 111 (5120 -1296 0 ) (5120 -1040 0 ) (6144 -1040 0 ) (6144 -1296 0 ) 
4 110 115 (5120 -1024 -64 ) (5120 -1024 -256 ) (5120 -1040 -256 ) (5120 -1040 -64 ) 
4 110 111 (5120 -1040 -256 ) (6144 -1040 -256 ) (6144 -1040 -64 ) (5120 -1040 -64 ) 
4 111 115 (5120 -1040 -64 ) (5120 -1040 -256 ) (5120 -1296 -256 ) (5120 -1296 -64 ) 
4 111 114 (5120 -1296 0 ) (5120 -1040 0 ) (5120 -1040 -64 ) (5120 -1296 -64 ) 
4 112 169 (4096 -1296 768 ) (4096 -1296 3264 ) (4096 -1024 3264 ) (4096 -1024 424.421143 ) 
4 113 170 (4096 -1296 0 ) (4096 -1296 384 ) (4096 -1040 384 ) (4096 -1040 0 ) 
4 113 114 (5120 -1296 0 ) (4096 -1296 0 ) (4096 -1040 0 ) (5120 -1040 0 ) 
4 114 171 (4096 -1296 -64 ) (4096 -1296 0 ) (4096 -1040 0 ) (4096 -1040 -64 ) 
4 114 115 (5120 -1296 -64 ) (4096 -1296 -64 ) (4096 -1040 -64 ) (5120 -1040 -64 ) 
4 115 172 (4096 -1296 -256 ) (4096 -1296 -64 ) (4096 -1024 -64 ) (4096 -1024 -256 ) 
4 116 124 (4096 1024 424.421082 ) (4096 1024 3264 ) (3072 1024 3264 ) (3072 1024 424.421143 ) 
4 116 120 (3072 1024 424.421082 ) (3072 1024 3264 ) (3072 1296 3264 ) (3072 1296 768 ) 
4 117 121 (3072 1040 384 ) (3072 1296 384 ) (3072 1296 0 ) (3072 1040 0 ) 
4 117 118 (3072 1040 0 ) (3072 1296 0 ) (4096 1296 0 ) (4096 1040 0 ) 
4 118 122 (3072 1040 0 ) (3072 1296 0 ) (3072 1296 -64 ) (3072 1040 -64 ) 
4 118 119 (3072 1040 -64 ) (3072 1296 -64 ) (4096 1296 -64 ) (4096 1040 -64 ) 
4 119 128 (4096 1024 -256 ) (4096 1024 -64 ) (3072 1024 -64 ) (3072 1024 -256 ) 
4 119 123 (3072 1024 -256 ) (3072 1024 -64 ) (3072 1296 -64 ) (3072 1296 -256 ) 
4 120 134 (2048 1024 424.421082 ) (2048 1024 3264 ) (2048 1296 3264 ) (2048 1296 768 ) 
4 120 129 (2048 1024 3264 ) (2048 1024 424.421143 ) (3072 1024 424.421082 ) (3072 1024 3264 ) 
4 121 135 (2048 1040 384 ) (2048 1296 384 ) (2048 1296 0 ) (2048 1040 0 ) 
4 121 122 (2048 1040 0 ) (2048 1296 0 ) (3072 1296 0 ) (3072 1040 0 ) 
4 122 136 (2048 1040 0 ) (2048 1296 0 ) (2048 1296 -64 ) (2048 1040 -64 ) 
4 122 123 (2048 1296 -64 ) (3072 1296 -64 ) (3072 1040 -64 ) (2048 1040 -64 ) 
4 123 137 (2048 1024 -256 ) (2048 1024 -64 ) (2048 1296 -64 ) (2048 1296 -256 ) 
4 123 133 (2048 1024 -64 ) (2048 1024 -256 ) (3072 1024 -256 ) (3072 1024 -64 ) 
4 124 159 (4096 0 384 ) (4096 0 3264 ) (3072 0 3264 ) (3072 0 384 ) 
5 124 129 (3072 1024 3264 ) (3072 1024 424.421143 ) (3072 992 384 ) (3072 0 384 ) (3072 0 3264 ) 
4 124 127 (3072 320 384 ) (3072 512 384 ) (4096 512 384 ) (4096 320 384 ) 
4 124 126 (3072 512 384 ) (3072 560 384 ) (4096 560 384 ) (4096 512 384 ) 
4 124 125 (3072 560 384 ) (3072 992 384 ) (4096 992 384 ) (4096 560 384 ) 
4 125 130 (3072 992 0 ) (3072 560 0 ) (3072 560 384 ) (3072 992 384 ) 
4 125 126 (4096 560 16 ) (4096 560 384 ) (3072 560 384 ) (3072 560 16 ) 
4 126 131 (3072 512 16 ) (3072 512 384 ) (3072 560 384 ) (3072 560 16 ) 
4 126 127 (4096 512 128 ) (4096 512 384 ) (3072 512 384 ) (3072 512 128 ) 
3 127 132 (3072 320 384 ) (3072 512 384 ) (3072 512 128 ) 
4 128 163 (4096 0 -256 ) (4096 0 -64 ) (3072 0 -64 ) (3072 0 -256 ) 
4 128 133 (3072 1024 -64 ) (3072 1024 -256 ) (3072 0 -256 ) (3072 0 -64 ) 
4 129 164 (3072 0 384 ) (3072 0 3264 ) (2048 0 3264 ) (2048 0 384 ) 
5 129 143 (2048 0 384 ) (2048 0 3264 ) (2048 1024 3264 ) (2048 1024 424.421143 ) (2048 992 384 ) 
4 129 132 (2048 320 384 ) (2048 512 384 ) (3072 512 384 ) (3072 320 384 ) 
4 129 131 (2048 512 384 ) (2048 560 384 ) (3072 560 384 ) (3072 512 384 ) 
4 129 130 (2048 560 384 ) (2048 992 384 ) (3072 992 384 ) (3072 560 384 ) 
4 130 144 (2048 560 384 ) (2048 992 384 ) (2048 992 0 ) (2048 560 0 ) 
4 130 131 (3072 560 16 ) (3072 560 384 ) (2048 560 384 ) (2048 560 16 ) 
4 131 145 (2048 512 384 ) (2048 560 384 ) (2048 560 16 ) (2048 512 16 ) 
4 131 132 (3072 512 128 ) (3072 512 384 ) (2048 512 384 ) (2048 512 128 ) 
3 132 146 (2048 320 384 ) (2048 512 384 ) (2048 512 128 ) 
4 133 168 (3072 0 -256 ) (3072 0 -64 ) (2048 0 -64 ) (2048 0 -256 ) 
4 133 147 (2048 0 -256 ) (2048 0 -64 ) (2048 1024 -64 ) (2048 1024 -256 ) 
4 134 143 (2048 1024 424.421082 ) (2048 1024 3264 ) (1024 1024 3264 ) (1024 1024 424.421143 ) 
4 134 138 (1024 1024 424.421082 ) (1024 1024 3264 ) (1024 1296 3264 ) (1024 1296 768 ) 
4 135 139 (1024 1040 384 ) (1024 1296 384 ) (1024 1296 0 ) (1024 1040 0 ) 
4 135 136 (1024 1040 0 ) (1024 1296 0 ) (2048 1296 0 ) (2048 1040 0 ) 
4 136 140 (1024 1040 0 ) (1024 1296 0 ) (1024 1296 -64 ) (1024 1040 -64 ) 
4 136 137 (1024 1040 -64 ) (1024 1296 -64 ) (2048 1296 -64 ) (2048 1040 -64 ) 
4 137 147 (2048 1024 -256 ) (2048 1024 -64 ) (1024 1024 -64 ) (1024 1024 -256 ) 
4 137 142 (1024 1024 -256 ) (1024 1024 -64 ) (1024 1296 -64 ) (1024 1296 -256 ) 
4 138 202 (0 1024 424.421082 ) (0 1024 3264 ) (0 1296 3264 ) (0 1296 768 ) 
4 138 148 (1024 1024 424.421082 ) (1024 1024 3264 ) (0 1024 3264 ) (0 1024 424.421143 ) 
4 139 203 (0 1040 384 ) (0 1296 384 ) (0 1296 0 ) (0 1040 0 ) 
4 139 141 (0 1040 0 ) (0 1296 0 ) (544 1296 0 ) (544 1040 0 ) 
4 139 140 (544 1296 0 ) (1024 1296 0 ) (1024 1040 0 ) (544 1040 0 ) 
4 140 142 (544 1296 -64 ) (1024 1296 -64 ) (1024 1040 -64 ) (544 1040 -64 ) 
4 140 141 (544 1296 -64 ) (544 1040 -64 ) (544 1040 0 ) (544 1296 0 ) 
4 141 204 (0 1040 0 ) (0 1296 0 ) (0 1296 -64 ) (0 1040 -64 ) 
4 141 142 (0 1296 -64 ) (544 1296 -64 ) (544 1040 -64 ) (0 1040 -64 ) 
4 142 206 (0 1024 -256 ) (0 1024 -64 ) (0 1296 -64 ) (0 1296 -256 ) 
4 142 158 (1024 1024 -256 ) (1024 1024 -64 ) (0 1024 -64 ) (0 1024 -256 ) 
4 143 177 (2048 0 384 ) (2048 0 3264 ) (1024 0 3264 ) (1024 0 384 ) 
5 143 148 (1024 1024 3264 ) (1024 1024 424.421143 ) (1024 992 384 ) (1024 0 384 ) (1024 0 3264 ) 
4 143 146 (1024 320 384 ) (1024 512 384 ) (2048 512 384 ) (2048 320 384 ) 
4 143 145 (1024 512 384 ) (1024 560 384 ) (2048 560 384 ) (2048 512 384 ) 
4 143 144 (1024 560 384 ) (1024 992 384 ) (2048 992 384 ) (2048 560 384 ) 
4 144 152 (1024 992 0 ) (1024 560 0 ) (1024 560 128 ) (1024 992 128 ) 
4 144 149 (1024 560 128 ) (1024 560 384 ) (1024 992 384 ) (1024 992 128 ) 
4 144 145 (2048 560 16 ) (2048 560 384 ) (1024 560 384 ) (1024 560 16 ) 
4 145 153 (1024 512 16 ) (1024 512 128 ) (1024 560 128 ) (1024 560 16 ) 
4 145 149 (1024 512 128 ) (1024 512 384 ) (1024 560 384 ) (1024 560 128 ) 
4 145 146 (2048 512 128 ) (2048 512 384 ) (1024 512 384 ) (1024 512 128 ) 
3 146 149 (1024 320 384 ) (1024 512 384 ) (1024 512 128 ) 
4 147 181 (2048 0 -256 ) (2048 0 -64 ) (1024 0 -64 ) (1024 0 -256 ) 
4 147 158 (1024 1024 -64 ) (1024 1024 -256 ) (1024 0 -256 ) (1024 0 -64 ) 
5 148 211 (0 0 384 ) (0 0 3264 ) (0 1024 3264 ) (0 1024 424.421143 ) (0 992 384 ) 
4 148 182 (0 0 3264 ) (0 0 384 ) (1024 0 384 ) (1024 0 3264 ) 
4 148 151 (0 0 384 ) (0 128 384 ) (992 128 384 ) (992 0 384 ) 
4 148 150 (0 128 384 ) (0 320 384 ) (512 320 384 ) (512 128 384 ) 
4 148 149 (0 320 384 ) (0 992 384 ) (1024 992 384 ) (1024 320 384 ) 
4 149 212 (0 320 384 ) (0 992 384 ) (0 992 128 ) (0 512 128 ) 
4 149 153 (0 512 128 ) (0 560 128 ) (1024 560 128 ) (1024 512 128 ) 
4 149 152 (0 560 128 ) (0 992 128 ) (1024 992 128 ) (1024 560 128 ) 
4 149 150 (0 512.003357 128 ) (512 512.003357 128 ) (512 320.003387 384 ) (0 320.003387 384 ) 
4 150 213 (0 128 384 ) (0 320 384 ) (0 512 128 ) (0 128 128 ) 
4 150 155 (0 128 128 ) (0 512 128 ) (512 512 128 ) (512 128 128 ) 
4 150 151 (0 128 128 ) (512 128 128 ) (512 128 384 ) (0 128 384 ) 
4 151 214 (0 0 128 ) (0 0 384 ) (0 128 384 ) (0 128 128 ) 
4 151 183 (0 0 384 ) (0 0 128 ) (608 0 128 ) (992 0 384 ) 
4 151 155 (512 0 128 ) (0 0 128 ) (0 128 128 ) (512 128 128 ) 
4 151 154 (608 0 128 ) (512 0 128 ) (512 128 128 ) (608 128 128 ) 
4 152 215 (0 560 128 ) (0 992 128 ) (0 992 0 ) (0 560 0 ) 
4 152 153 (1024 560 16 ) (1024 560 128 ) (0 560 128 ) (0 560 16 ) 
4 153 216 (0 512 128 ) (0 560 128 ) (0 560 16 ) (0 512 16 ) 
4 153 156 (0 512 64 ) (0 512 16 ) (512 512 16 ) (512 512 64 ) 
4 153 155 (512 512 128 ) (0 512 128 ) (0 512 64 ) (512 512 64 ) 
3 154 186 (608 0 128 ) (512 0 128 ) (512 0 64 ) 
4 154 155 (512 0 64 ) (512 0 128 ) (512 128 128 ) (512 128 64 ) 
4 155 217 (0 0 64 ) (0 0 128 ) (0 512 128 ) (0 512 64 ) 
4 155 187 (0 0 128 ) (0 0 64 ) (512 0 64 ) (512 0 128 ) 
4 155 156 (0 416 64 ) (0 512 64 ) (512 512 64 ) (512 416 64 ) 
3 156 218 (0 416 64 ) (0 512 64 ) (0 512 16 ) 
4 157 220 (0 0 -64 ) (0 0 0 ) (0 512 0 ) (0 512 -64 ) 
4 157 191 (0 0 0 ) (0 0 -64 ) (544 0 -64 ) (544 0 0 ) 
4 157 158 (544 0 -64 ) (0 0 -64 ) (0 512 -64 ) (544 512 -64 ) 
4 158 221 (0 0 -256 ) (0 0 -64 ) (0 1024 -64 ) (0 1024 -256 ) 
4 158 192 (0 0 -64 ) (0 0 -256 ) (1024 0 -256 ) (1024 0 -64 ) 
4 159 169 (4096 -1024 424.421082 ) (4096 -1024 3264 ) (3072 -1024 3264 ) (3072 -1024 424.421143 ) 
5 159 164 (3072 0 3264 ) (3072 0 384 ) (3072 -992 384 ) (3072 -1024 424.421082 ) (3072 -1024 3264 ) 
4 159 162 (3072 -992 384 ) (3072 -560 384 ) (4096 -560 384 ) (4096 -992 384 ) 
4 159 161 (3072 -560 384 ) (3072 -512 384 ) (4096 -512 384 ) (4096 -560 384 ) 
4 159 160 (3072 -512 384 ) (3072 -320 384 ) (4096 -320 384 ) (4096 -512 384 ) 
3 160 165 (3072 -512 128 ) (3072 -512 384 ) (3072 -320 384 ) 
4 160 161 (4096 -512 128 ) (4096 -512 384 ) (3072 -512 384 ) (3072 -512 128 ) 
4 161 166 (3072 -560 16 ) (3072 -560 384 ) (3072 -512 384 ) (3072 -512 16 ) 
4 161 162 (4096 -560 16 ) (4096 -560 384 ) (3072 -560 384 ) (3072 -560 16 ) 
4 162 167 (3072 -560 0 ) (3072 -992 0 ) (3072 -992 384 ) (3072 -560 384 ) 
4 163 172 (4096 -1024 -256 ) (4096 -1024 -64 ) (3072 -1024 -64 ) (3072 -1024 -256 ) 
4 163 168 (3072 0 -64 ) (3072 0 -256 ) (3072 -1024 -256 ) (3072 -1024 -64 ) 
5 164 177 (2048 0 3264 ) (2048 0 384 ) (2048 -992 384 ) (2048 -1024 424.421082 ) (2048 -1024 3264 ) 
4 164 173 (3072 -1024 424.421082 ) (3072 -1024 3264 ) (2048 -1024 3264 ) (2048 -1024 424.421143 ) 
4 164 167 (2048 -992 384 ) (2048 -560 384 ) (3072 -560 384 ) (3072 -992 384 ) 
4 164 166 (2048 -560 384 ) (2048 -512 384 ) (3072 -512 384 ) (3072 -560 384 ) 
4 164 165 (2048 -512 384 ) (2048 -320 384 ) (3072 -320 384 ) (3072 -512 384 ) 
3 165 178 (2048 -512 128 ) (2048 -512 384 ) (2048 -320 384 ) 
4 165 166 (3072 -512 128 ) (3072 -512 384 ) (2048 -512 384 ) (2048 -512 128 ) 
4 166 179 (2048 -560 16 ) (2048 -560 384 ) (2048 -512 384 ) (2048 -512 16 ) 
4 166 167 (3072 -560 16 ) (3072 -560 384 ) (2048 -560 384 ) (2048 -560 16 ) 
4 167 180 (2048 -560 0 ) (2048 -992 0 ) (2048 -992 384 ) (2048 -560 384 ) 
4 168 181 (2048 0 -64 ) (2048 0 -256 ) (2048 -1024 -256 ) (2048 -1024 -64 ) 
4 168 176 (3072 -1024 -256 ) (3072 -1024 -64 ) (2048 -1024 -64 ) (2048 -1024 -256 ) 
4 169 173 (3072 -1296 768 ) (3072 -1296 3264 ) (3072 -1024 3264 ) (3072 -1024 424.421143 ) 
4 170 174 (3072 -1296 0 ) (3072 -1296 384 ) (3072 -1040 384 ) (3072 -1040 0 ) 
4 170 171 (4096 -1296 0 ) (3072 -1296 0 ) (3072 -1040 0 ) (4096 -1040 0 ) 
4 171 175 (3072 -1296 -64 ) (3072 -1296 0 ) (3072 -1040 0 ) (3072 -1040 -64 ) 
4 171 172 (4096 -1296 -64 ) (3072 -1296 -64 ) (3072 -1040 -64 ) (4096 -1040 -64 ) 
4 172 176 (3072 -1296 -256 ) (3072 -1296 -64 ) (3072 -1024 -64 ) (3072 -1024 -256 ) 
4 173 193 (2048 -1296 768 ) (2048 -1296 3264 ) (2048 -1024 3264 ) (2048 -1024 424.421143 ) 
4 174 194 (2048 -1296 0 ) (2048 -1296 384 ) (2048 -1040 384 ) (2048 -1040 0 ) 
4 174 175 (3072 -1296 0 ) (2048 -1296 0 ) (2048 -1040 0 ) (3072 -1040 0 ) 
4 175 195 (2048 -1296 -64 ) (2048 -1296 0 ) (2048 -1040 0 ) (2048 -1040 -64 ) 
4 175 176 (3072 -1296 -64 ) (2048 -1296 -64 ) (2048 -1040 -64 ) (3072 -1040 -64 ) 
4 176 196 (2048 -1296 -256 ) (2048 -1296 -64 ) (2048 -1024 -64 ) (2048 -1024 -256 ) 
4 177 193 (2048 -1024 424.421082 ) (2048 -1024 3264 ) (1024 -1024 3264 ) (1024 -1024 424.421143 ) 
5 177 182 (1024 0 3264 ) (1024 0 384 ) (1024 -992 384 ) (1024 -1024 424.421082 ) (1024 -1024 3264 ) 
4 177 180 (1024 -992 384 ) (1024 -560 384 ) (2048 -560 384 ) (2048 -992 384 ) 
4 177 179 (1024 -560 384 ) (1024 -512 384 ) (2048 -512 384 ) (2048 -560 384 ) 
4 177 178 (1024 -512 384 ) (1024 -320 384 ) (2048 -320 384 ) (2048 -512 384 ) 
3 178 184 (1024 -512 128 ) (1024 -512 384 ) (1024 -320 384 ) 
4 178 179 (2048 -512 128 ) (2048 -512 384 ) (1024 -512 384 ) (1024 -512 128 ) 
4 179 189 (1024 -560 16 ) (1024 -560 128 ) (1024 -512 128 ) (1024 -512 16 ) 
4 179 184 (1024 -560 128 ) (1024 -560 384 ) (1024 -512 384 ) (1024 -512 128 ) 
4 179 180 (2048 -560 16 ) (2048 -560 384 ) (1024 -560 384 ) (1024 -560 16 ) 
4 180 190 (1024 -560 0 ) (1024 -992 0 ) (1024 -992 128 ) (1024 -560 128 ) 
4 180 184 (1024 -992 128 ) (1024 -992 384 ) (1024 -560 384 ) (1024 -560 128 ) 
4 181 196 (2048 -1024 -256 ) (2048 -1024 -64 ) (1024 -1024 -64 ) (1024 -1024 -256 ) 
4 181 192 (1024 0 -64 ) (1024 0 -256 ) (1024 -1024 -256 ) (1024 -1024 -64 ) 
5 182 245 (0 -1024 424.421082 ) (0 -1024 3264 ) (0 0 3264 ) (0 0 384 ) (0 -992 384 ) 
4 182 197 (0 -1024 3264 ) (0 -1024 424.421143 ) (1024 -1024 424.421082 ) (1024 -1024 3264 ) 
4 182 185 (512 -320 384 ) (0 -320 384 ) (0 -128 384 ) (512 -128 384 ) 
4 182 184 (1024 -320 384 ) (1024 -992 384 ) (0 -992 384 ) (0 -320 384 ) 
4 182 183 (992 -128 384 ) (0 -128 384 ) (0 0 384 ) (992 0 384 ) 
4 183 246 (0 -128 384 ) (0 0 384 ) (0 0 128 ) (0 -128 128 ) 
4 183 187 (0 -128 128 ) (0 0 128 ) (512 0 128 ) (512 -128 128 ) 
4 183 186 (512 0 128 ) (608 0 128 ) (608 -128 128 ) (512 -128 128 ) 
4 183 185 (0 -128 128 ) (512 -128 128 ) (512 -128 384 ) (0 -128 384 ) 
4 184 247 (0 -992 384 ) (0 -320 384 ) (0 -512 128 ) (0 -992 128 ) 
4 184 190 (0 -992 128 ) (0 -560 128 ) (1024 -560 128 ) (1024 -992 128 ) 
4 184 189 (0 -560 128 ) (0 -512 128 ) (1024 -512 128 ) (1024 -560 128 ) 
4 184 185 (512 -512.003357 128 ) (0 -512.003357 128 ) (0 -320.003387 384 ) (512 -320.003387 384 ) 
4 185 248 (0 -320 384 ) (0 -128 384 ) (0 -128 128 ) (0 -512 128 ) 
4 185 187 (0 -512 128 ) (0 -128 128 ) (512 -128 128 ) (512 -512 128 ) 
4 186 187 (512 -128 64 ) (512 -128 128 ) (512 0 128 ) (512 0 64 ) 
4 187 249 (0 -512 128 ) (0 0 128 ) (0 0 64 ) (0 -512 64 ) 
4 187 189 (512 -512 64 ) (512 -512 128 ) (0 -512 128 ) (0 -512 64 ) 
4 187 188 (512 -416 64 ) (512 -512 64 ) (0 -512 64 ) (0 -416 64 ) 
3 188 250 (0 -512 16 ) (0 -512 64 ) (0 -416 64 ) 
4 188 189 (512 -512 16 ) (512 -512 64 ) (0 -512 64 ) (0 -512 16 ) 
4 189 252 (0 -560 128 ) (0 -512 128 ) (0 -512 16 ) (0 -560 16 ) 
4 189 190 (1024 -560 16 ) (1024 -560 128 ) (0 -560 128 ) (0 -560 16 ) 
4 190 253 (0 -992 128 ) (0 -560 128 ) (0 -560 0 ) (0 -992 0 ) 
4 191 254 (0 -512 0 ) (0 0 0 ) (0 0 -64 ) (0 -512 -64 ) 
4 191 192 (0 -512 -64 ) (0 0 -64 ) (544 0 -64 ) (544 -512 -64 ) 
4 192 255 (0 -1024 -256 ) (0 -1024 -64 ) (0 0 -64 ) (0 0 -256 ) 
4 192 201 (0 -1024 -64 ) (0 -1024 -256 ) (1024 -1024 -256 ) (1024 -1024 -64 ) 
4 193 197 (1024 -1296 768 ) (1024 -1296 3264 ) (1024 -1024 3264 ) (1024 -1024 424.421143 ) 
4 194 198 (1024 -1296 0 ) (1024 -1296 384 ) (1024 -1040 384 ) (1024 -1040 0 ) 
4 194 195 (2048 -1296 0 ) (1024 -1296 0 ) (1024 -1040 0 ) (2048 -1040 0 ) 
4 195 199 (1024 -1296 -64 ) (1024 -1296 0 ) (1024 -1040 0 ) (1024 -1040 -64 ) 
4 195 196 (2048 -1296 -64 ) (1024 -1296 -64 ) (1024 -1040 -64 ) (2048 -1040 -64 ) 
4 196 201 (1024 -1296 -256 ) (1024 -1296 -64 ) (1024 -1024 -64 ) (1024 -1024 -256 ) 
4 197 261 (0 -1296 768 ) (0 -1296 3264 ) (0 -1024 3264 ) (0 -1024 424.421143 ) 
4 198 262 (0 -1296 0 ) (0 -1296 384 ) (0 -1040 384 ) (0 -1040 0 ) 
4 198 200 (544 -1296 0 ) (0 -1296 0 ) (0 -1040 0 ) (544 -1040 0 ) 
4 198 199 (1024 -1296 0 ) (544 -1296 0 ) (544 -1040 0 ) (1024 -1040 0 ) 
4 199 201 (1024 -1296 -64 ) (544 -1296 -64 ) (544 -1040 -64 ) (1024 -1040 -64 ) 
4 199 200 (544 -1040 -64 ) (544 -1296 -64 ) (544 -1296 0 ) (544 -1040 0 ) 
4 200 263 (0 -1296 -64 ) (0 -1296 0 ) (0 -1040 0 ) (0 -1040 -64 ) 
4 200 201 (544 -1296 -64 ) (0 -1296 -64 ) (0 -1040 -64 ) (544 -1040 -64 ) 
4 201 265 (0 -1296 -256 ) (0 -1296 -64 ) (0 -1024 -64 ) (0 -1024 -256 ) 
4 202 211 (0 1024 424.421082 ) (0 1024 3264 ) (-1024 1024 3264 ) (-1024 1024 424.421143 ) 
4 202 207 (-1024 1024 424.421082 ) (-1024 1024 3264 ) (-1024 1296 3264 ) (-1024 1296 768 ) 
4 203 208 (-1024 1040 384 ) (-1024 1296 384 ) (-1024 1296 0 ) (-1024 1040 0 ) 
4 203 205 (-1024 1040 0 ) (-1024 1296 0 ) (-544 1296 0 ) (-544 1040 0 ) 
4 203 204 (-544 1296 0 ) (0 1296 0 ) (0 1040 0 ) (-544 1040 0 ) 
4 204 206 (-544 1040 -64 ) (-544 1296 -64 ) (0 1296 -64 ) (0 1040 -64 ) 
4 204 205 (-544 1296 -64 ) (-544 1040 -64 ) (-544 1040 0 ) (-544 1296 0 ) 
4 205 209 (-1024 1040 0 ) (-1024 1296 0 ) (-1024 1296 -64 ) (-1024 1040 -64 ) 
4 205 206 (-1024 1040 -64 ) (-1024 1296 -64 ) (-544 1296 -64 ) (-544 1040 -64 ) 
4 206 221 (0 1024 -256 ) (0 1024 -64 ) (-1024 1024 -64 ) (-1024 1024 -256 ) 
4 206 210 (-1024 1024 -256 ) (-1024 1024 -64 ) (-1024 1296 -64 ) (-1024 1296 -256 ) 
4 207 227 (-2048 1024 424.421082 ) (-2048 1024 3264 ) (-2048 1296 3264 ) (-2048 1296 768 ) 
4 207 222 (-2048 1024 3264 ) (-2048 1024 424.421143 ) (-1024 1024 424.421082 ) (-1024 1024 3264 ) 
4 208 228 (-2048 1040 384 ) (-2048 1296 384 ) (-2048 1296 0 ) (-2048 1040 0 ) 
4 208 209 (-2048 1040 0 ) (-2048 1296 0 ) (-1024 1296 0 ) (-1024 1040 0 ) 
4 209 229 (-2048 1040 0 ) (-2048 1296 0 ) (-2048 1296 -64 ) (-2048 1040 -64 ) 
4 209 210 (-2048 1296 -64 ) (-1024 1296 -64 ) (-1024 1040 -64 ) (-2048 1040 -64 ) 
4 210 230 (-2048 1024 -256 ) (-2048 1024 -64 ) (-2048 1296 -64 ) (-2048 1296 -256 ) 
4 210 226 (-2048 1024 -64 ) (-2048 1024 -256 ) (-1024 1024 -256 ) (-1024 1024 -64 ) 
4 211 245 (0 0 384 ) (0 0 3264 ) (-1024 0 3264 ) (-1024 0 384 ) 
5 211 222 (-1024 1024 3264 ) (-1024 1024 424.421143 ) (-1024 992 384 ) (-1024 0 384 ) (-1024 0 3264 ) 
4 211 214 (0 128 384 ) (0 0 384 ) (-992 0 384 ) (-992 128 384 ) 
4 211 213 (0 320 384 ) (0 128 384 ) (-512 128 384 ) (-512 320 384 ) 
4 211 212 (0 992 384 ) (0 320 384 ) (-1024 320 384 ) (-1024 992 384 ) 
3 212 225 (-1024 512 128 ) (-1024 320 384 ) (-1024 512 384 ) 
4 212 224 (-1024 560 128 ) (-1024 512 128 ) (-1024 512 384 ) (-1024 560 384 ) 
4 212 223 (-1024 992 128 ) (-1024 560 128 ) (-1024 560 384 ) (-1024 992 384 ) 
4 212 216 (-1024 512 128 ) (-1024 560 128 ) (0 560 128 ) (0 512 128 ) 
4 212 215 (-1024 560 128 ) (-1024 992 128 ) (0 992 128 ) (0 560 128 ) 
4 212 213 (-512 512.003357 128 ) (0 512.003357 128 ) (0 320.003387 384 ) (-512 320.003387 384 ) 
4 213 217 (-512 512 128 ) (0 512 128 ) (0 128 128 ) (-512 128 128 ) 
4 213 214 (-512 128 128 ) (0 128 128 ) (0 128 384 ) (-512 128 384 ) 
4 214 246 (0 0 128 ) (0 0 384 ) (-992 0 384 ) (-608 0 128 ) 
4 214 219 (-512 0 128 ) (-608 0 128 ) (-608 128 128 ) (-512 128 128 ) 
4 214 217 (0 0 128 ) (-512 0 128 ) (-512 128 128 ) (0 128 128 ) 
4 215 223 (-1024 992 0 ) (-1024 560 0 ) (-1024 560 128 ) (-1024 992 128 ) 
4 215 216 (0 560 16 ) (0 560 128 ) (-1024 560 128 ) (-1024 560 16 ) 
4 216 224 (-1024 512 16 ) (-1024 512 128 ) (-1024 560 128 ) (-1024 560 16 ) 
4 216 218 (0 512 16 ) (0 512 64 ) (-512 512 64 ) (-512 512 16 ) 
4 216 217 (0 512 64 ) (0 512 128 ) (-512 512 128 ) (-512 512 64 ) 
4 217 249 (0 0 64 ) (0 0 128 ) (-512 0 128 ) (-512 0 64 ) 
4 217 219 (-512 128 64 ) (-512 0 64 ) (-512 0 128 ) (-512 128 128 ) 
4 217 218 (-512 416 64 ) (-512 512 64 ) (0 512 64 ) (0 416 64 ) 
3 219 251 (-512 0 128 ) (-608 0 128 ) (-512 0 64 ) 
4 220 254 (0 0 -64 ) (0 0 0 ) (-544 0 0 ) (-544 0 -64 ) 
4 220 221 (0 0 -64 ) (-544 0 -64 ) (-544 512 -64 ) (0 512 -64 ) 
4 221 255 (0 0 -256 ) (0 0 -64 ) (-1024 0 -64 ) (-1024 0 -256 ) 
4 221 226 (-1024 1024 -64 ) (-1024 1024 -256 ) (-1024 0 -256 ) (-1024 0 -64 ) 
4 222 256 (-1024 0 384 ) (-1024 0 3264 ) (-2048 0 3264 ) (-2048 0 384 ) 
5 222 235 (-2048 0 384 ) (-2048 0 3264 ) (-2048 1024 3264 ) (-2048 1024 424.421143 ) (-2048 992 384 ) 
4 222 225 (-2048 320 384 ) (-2048 512 384 ) (-1024 512 384 ) (-1024 320 384 ) 
4 222 224 (-2048 512 384 ) (-2048 560 384 ) (-1024 560 384 ) (-1024 512 384 ) 
4 222 223 (-2048 560 384 ) (-2048 992 384 ) (-1024 992 384 ) (-1024 560 384 ) 
4 223 236 (-2048 560 384 ) (-2048 992 384 ) (-2048 992 0 ) (-2048 560 0 ) 
4 223 224 (-1024 560 16 ) (-1024 560 384 ) (-2048 560 384 ) (-2048 560 16 ) 
4 224 237 (-2048 512 384 ) (-2048 560 384 ) (-2048 560 16 ) (-2048 512 16 ) 
4 224 225 (-1024 512 128 ) (-1024 512 384 ) (-2048 512 384 ) (-2048 512 128 ) 
3 225 238 (-2048 320 384 ) (-2048 512 384 ) (-2048 512 128 ) 
4 226 260 (-1024 0 -256 ) (-1024 0 -64 ) (-2048 0 -64 ) (-2048 0 -256 ) 
4 226 239 (-2048 0 -256 ) (-2048 0 -64 ) (-2048 1024 -64 ) (-2048 1024 -256 ) 
4 227 235 (-2048 1024 424.421082 ) (-2048 1024 3264 ) (-3072 1024 3264 ) (-3072 1024 424.421143 ) 
4 227 231 (-3072 1024 424.421082 ) (-3072 1024 3264 ) (-3072 1296 3264 ) (-3072 1296 768 ) 
4 228 232 (-3072 1040 384 ) (-3072 1296 384 ) (-3072 1296 0 ) (-3072 1040 0 ) 
4 228 229 (-3072 1040 0 ) (-3072 1296 0 ) (-2048 1296 0 ) (-2048 1040 0 ) 
4 229 233 (-3072 1040 0 ) (-3072 1296 0 ) (-3072 1296 -64 ) (-3072 1040 -64 ) 
4 229 230 (-3072 1040 -64 ) (-3072 1296 -64 ) (-2048 1296 -64 ) (-2048 1040 -64 ) 
4 230 239 (-2048 1024 -256 ) (-2048 1024 -64 ) (-3072 1024 -64 ) (-3072 1024 -256 ) 
4 230 234 (-3072 1024 -256 ) (-3072 1024 -64 ) (-3072 1296 -64 ) (-3072 1296 -256 ) 
4 231 288 (-4096 1024 424.421082 ) (-4096 1024 3264 ) (-4096 1296 3264 ) (-4096 1296 768 ) 
4 231 240 (-4096 1024 3264 ) (-4096 1024 424.421143 ) (-3072 1024 424.421082 ) (-3072 1024 3264 ) 
4 232 289 (-4096 1040 384 ) (-4096 1296 384 ) (-4096 1296 0 ) (-4096 1040 0 ) 
4 232 233 (-4096 1040 0 ) (-4096 1296 0 ) (-3072 1296 0 ) (-3072 1040 0 ) 
4 233 290 (-4096 1040 0 ) (-4096 1296 0 ) (-4096 1296 -64 ) (-4096 1040 -64 ) 
4 233 234 (-4096 1296 -64 ) (-3072 1296 -64 ) (-3072 1040 -64 ) (-4096 1040 -64 ) 
4 234 291 (-4096 1024 -256 ) (-4096 1024 -64 ) (-4096 1296 -64 ) (-4096 1296 -256 ) 
4 234 244 (-4096 1024 -64 ) (-4096 1024 -256 ) (-3072 1024 -256 ) (-3072 1024 -64 ) 
4 235 270 (-2048 0 384 ) (-2048 0 3264 ) (-3072 0 3264 ) (-3072 0 384 ) 
5 235 240 (-3072 1024 3264 ) (-3072 1024 424.421143 ) (-3072 992 384 ) (-3072 0 384 ) (-3072 0 3264 ) 
4 235 238 (-3072 320 384 ) (-3072 512 384 ) (-2048 512 384 ) (-2048 320 384 ) 
4 235 237 (-3072 512 384 ) (-3072 560 384 ) (-2048 560 384 ) (-2048 512 384 ) 
4 235 236 (-3072 560 384 ) (-3072 992 384 ) (-2048 992 384 ) (-2048 560 384 ) 
4 236 241 (-3072 992 0 ) (-3072 560 0 ) (-3072 560 384 ) (-3072 992 384 ) 
4 236 237 (-2048 560 16 ) (-2048 560 384 ) (-3072 560 384 ) (-3072 560 16 ) 
4 237 242 (-3072 512 16 ) (-3072 512 384 ) (-3072 560 384 ) (-3072 560 16 ) 
4 237 238 (-2048 512 128 ) (-2048 512 384 ) (-3072 512 384 ) (-3072 512 128 ) 
3 238 243 (-3072 320 384 ) (-3072 512 384 ) (-3072 512 128 ) 
4 239 274 (-2048 0 -256 ) (-2048 0 -64 ) (-3072 0 -64 ) (-3072 0 -256 ) 
4 239 244 (-3072 1024 -64 ) (-3072 1024 -256 ) (-3072 0 -256 ) (-3072 0 -64 ) 
5 240 299 (-4096 0 384 ) (-4096 0 3264 ) (-4096 1024 3264 ) (-4096 1024 424.421143 ) (-4096 992 384 ) 
4 240 275 (-3072 0 384 ) (-3072 0 3264 ) (-4096 0 3264 ) (-4096 0 384 ) 
4 240 243 (-4096 320 384 ) (-4096 512 384 ) (-3072 512 384 ) (-3072 320 384 ) 
4 240 242 (-4096 512 384 ) (-4096 560 384 ) (-3072 560 384 ) (-3072 512 384 ) 
4 240 241 (-4096 560 384 ) (-4096 992 384 ) (-3072 992 384 ) (-3072 560 384 ) 
4 241 300 (-4096 560 384 ) (-4096 992 384 ) (-4096 992 0 ) (-4096 560 0 ) 
4 241 242 (-3072 560 16 ) (-3072 560 384 ) (-4096 560 384 ) (-4096 560 16 ) 
4 242 301 (-4096 512 384 ) (-4096 560 384 ) (-4096 560 16 ) (-4096 512 16 ) 
4 242 243 (-3072 512 128 ) (-3072 512 384 ) (-4096 512 384 ) (-4096 512 128 ) 
3 243 302 (-4096 320 384 ) (-4096 512 384 ) (-4096 512 128 ) 
4 244 303 (-4096 0 -256 ) (-4096 0 -64 ) (-4096 1024 -64 ) (-4096 1024 -256 ) 
4 244 279 (-3072 0 -256 ) (-3072 0 -64 ) (-4096 0 -64 ) (-4096 0 -256 ) 
4 245 261 (0 -1024 424.421082 ) (0 -1024 3264 ) (-1024 -1024 3264 ) (-1024 -1024 424.421143 ) 
5 245 256 (-1024 0 3264 ) (-1024 0 384 ) (-1024 -992 384 ) (-1024 -1024 424.421082 ) (-1024 -1024 3264 ) 
4 245 248 (-512 -128 384 ) (0 -128 384 ) (0 -320 384 ) (-512 -320 384 ) 
4 245 247 (-1024 -992 384 ) (-1024 -320 384 ) (0 -320 384 ) (0 -992 384 ) 
4 245 246 (-992 0 384 ) (0 0 384 ) (0 -128 384 ) (-992 -128 384 ) 
4 246 251 (-608 0 128 ) (-512 0 128 ) (-512 -128 128 ) (-608 -128 128 ) 
4 246 249 (-512 0 128 ) (0 0 128 ) (0 -128 128 ) (-512 -128 128 ) 
4 246 248 (-512 -128 128 ) (0 -128 128 ) (0 -128 384 ) (-512 -128 384 ) 
4 247 259 (-1024 -560 128 ) (-1024 -992 128 ) (-1024 -992 384 ) (-1024 -560 384 ) 
4 247 258 (-1024 -512 128 ) (-1024 -560 128 ) (-1024 -560 384 ) (-1024 -512 384 ) 
3 247 257 (-1024 -512 128 ) (-1024 -512 384 ) (-1024 -320 384 ) 
4 247 253 (-1024 -992 128 ) (-1024 -560 128 ) (0 -560 128 ) (0 -992 128 ) 
4 247 252 (-1024 -560 128 ) (-1024 -512 128 ) (0 -512 128 ) (0 -560 128 ) 
4 247 248 (0 -512.003357 128 ) (-512 -512.003357 128 ) (-512 -320.003387 384 ) (0 -320.003387 384 ) 
4 248 249 (-512 -128 128 ) (0 -128 128 ) (0 -512 128 ) (-512 -512 128 ) 
4 249 252 (0 -512 64 ) (0 -512 128 ) (-512 -512 128 ) (-512 -512 64 ) 
4 249 251 (-512 -128 128 ) (-512 0 128 ) (-512 0 64 ) (-512 -128 64 ) 
4 249 250 (0 -512 64 ) (-512 -512 64 ) (-512 -416 64 ) (0 -416 64 ) 
4 250 252 (0 -512 16 ) (0 -512 64 ) (-512 -512 64 ) (-512 -512 16 ) 
4 252 258 (-1024 -560 16 ) (-1024 -560 128 ) (-1024 -512 128 ) (-1024 -512 16 ) 
4 252 253 (0 -560 16 ) (0 -560 128 ) (-1024 -560 128 ) (-1024 -560 16 ) 
4 253 259 (-1024 -560 0 ) (-1024 -992 0 ) (-1024 -992 128 ) (-1024 -560 128 ) 
4 254 255 (-544 0 -64 ) (0 0 -64 ) (0 -512 -64 ) (-544 -512 -64 ) 
4 255 265 (0 -1024 -256 ) (0 -1024 -64 ) (-1024 -1024 -64 ) (-1024 -1024 -256 ) 
4 255 260 (-1024 0 -64 ) (-1024 0 -256 ) (-1024 -1024 -256 ) (-1024 -1024 -64 ) 
5 256 270 (-2048 0 3264 ) (-2048 0 384 ) (-2048 -992 384 ) (-2048 -1024 424.421082 ) (-2048 -1024 3264 ) 
4 256 266 (-1024 -1024 424.421082 ) (-1024 -1024 3264 ) (-2048 -1024 3264 ) (-2048 -1024 424.421143 ) 
4 256 259 (-2048 -992 384 ) (-2048 -560 384 ) (-1024 -560 384 ) (-1024 -992 384 ) 
4 256 258 (-2048 -560 384 ) (-2048 -512 384 ) (-1024 -512 384 ) (-1024 -560 384 ) 
4 256 257 (-2048 -512 384 ) (-2048 -320 384 ) (-1024 -320 384 ) (-1024 -512 384 ) 
3 257 271 (-2048 -512 128 ) (-2048 -512 384 ) (-2048 -320 384 ) 
4 257 258 (-1024 -512 128 ) (-1024 -512 384 ) (-2048 -512 384 ) (-2048 -512 128 ) 
4 258 272 (-2048 -560 16 ) (-2048 -560 384 ) (-2048 -512 384 ) (-2048 -512 16 ) 
4 258 259 (-1024 -560 16 ) (-1024 -560 384 ) (-2048 -560 384 ) (-2048 -560 16 ) 
4 259 273 (-2048 -560 0 ) (-2048 -992 0 ) (-2048 -992 384 ) (-2048 -560 384 ) 
4 260 274 (-2048 0 -64 ) (-2048 0 -256 ) (-2048 -1024 -256 ) (-2048 -1024 -64 ) 
4 260 269 (-1024 -1024 -256 ) (-1024 -1024 -64 ) (-2048 -1024 -64 ) (-2048 -1024 -256 ) 
4 261 266 (-1024 -1296 768 ) (-1024 -1296 3264 ) (-1024 -1024 3264 ) (-1024 -1024 424.421143 ) 
4 262 267 (-1024 -1296 0 ) (-1024 -1296 384 ) (-1024 -1040 384 ) (-1024 -1040 0 ) 
4 262 264 (-544 -1296 0 ) (-1024 -1296 0 ) (-1024 -1040 0 ) (-544 -1040 0 ) 
4 262 263 (0 -1296 0 ) (-544 -1296 0 ) (-544 -1040 0 ) (0 -1040 0 ) 
4 263 265 (0 -1296 -64 ) (-544 -1296 -64 ) (-544 -1040 -64 ) (0 -1040 -64 ) 
4 263 264 (-544 -1040 -64 ) (-544 -1296 -64 ) (-544 -1296 0 ) (-544 -1040 0 ) 
4 264 268 (-1024 -1296 -64 ) (-1024 -1296 0 ) (-1024 -1040 0 ) (-1024 -1040 -64 ) 
4 264 265 (-544 -1296 -64 ) (-1024 -1296 -64 ) (-1024 -1040 -64 ) (-544 -1040 -64 ) 
4 265 269 (-1024 -1296 -256 ) (-1024 -1296 -64 ) (-1024 -1024 -64 ) (-1024 -1024 -256 ) 
4 266 280 (-2048 -1296 768 ) (-2048 -1296 3264 ) (-2048 -1024 3264 ) (-2048 -1024 424.421143 ) 
4 267 281 (-2048 -1296 0 ) (-2048 -1296 384 ) (-2048 -1040 384 ) (-2048 -1040 0 ) 
4 267 268 (-1024 -1296 0 ) (-2048 -1296 0 ) (-2048 -1040 0 ) (-1024 -1040 0 ) 
4 268 282 (-2048 -1296 -64 ) (-2048 -1296 0 ) (-2048 -1040 0 ) (-2048 -1040 -64 ) 
4 268 269 (-1024 -1296 -64 ) (-2048 -1296 -64 ) (-2048 -1040 -64 ) (-1024 -1040 -64 ) 
4 269 283 (-2048 -1296 -256 ) (-2048 -1296 -64 ) (-2048 -1024 -64 ) (-2048 -1024 -256 ) 
4 270 280 (-2048 -1024 424.421082 ) (-2048 -1024 3264 ) (-3072 -1024 3264 ) (-3072 -1024 424.421143 ) 
5 270 275 (-3072 0 3264 ) (-3072 0 384 ) (-3072 -992 384 ) (-3072 -1024 424.421082 ) (-3072 -1024 3264 ) 
4 270 273 (-3072 -992 384 ) (-3072 -560 384 ) (-2048 -560 384 ) (-2048 -992 384 ) 
4 270 272 (-3072 -560 384 ) (-3072 -512 384 ) (-2048 -512 384 ) (-2048 -560 384 ) 
4 270 271 (-3072 -512 384 ) (-3072 -320 384 ) (-2048 -320 384 ) (-2048 -512 384 ) 
3 271 276 (-3072 -512 128 ) (-3072 -512 384 ) (-3072 -320 384 ) 
4 271 272 (-2048 -512 128 ) (-2048 -512 384 ) (-3072 -512 384 ) (-3072 -512 128 ) 
4 272 277 (-3072 -560 16 ) (-3072 -560 384 ) (-3072 -512 384 ) (-3072 -512 16 ) 
4 272 273 (-2048 -560 16 ) (-2048 -560 384 ) (-3072 -560 384 ) (-3072 -560 16 ) 
4 273 278 (-3072 -560 0 ) (-3072 -992 0 ) (-3072 -992 384 ) (-3072 -560 384 ) 
4 274 283 (-2048 -1024 -256 ) (-2048 -1024 -64 ) (-3072 -1024 -64 ) (-3072 -1024 -256 ) 
4 274 279 (-3072 0 -64 ) (-3072 0 -256 ) (-3072 -1024 -256 ) (-3072 -1024 -64 ) 
5 275 346 (-4096 -1024 424.421082 ) (-4096 -1024 3264 ) (-4096 0 3264 ) (-4096 0 384 ) (-4096 -992 384 ) 
4 275 284 (-3072 -1024 424.421082 ) (-3072 -1024 3264 ) (-4096 -1024 3264 ) (-4096 -1024 424.421143 ) 
4 275 278 (-4096 -992 384 ) (-4096 -560 384 ) (-3072 -560 384 ) (-3072 -992 384 ) 
4 275 277 (-4096 -560 384 ) (-4096 -512 384 ) (-3072 -512 384 ) (-3072 -560 384 ) 
4 275 276 (-4096 -512 384 ) (-4096 -320 384 ) (-3072 -320 384 ) (-3072 -512 384 ) 
3 276 347 (-4096 -512 384 ) (-4096 -320 384 ) (-4096 -512 128 ) 
4 276 277 (-3072 -512 128 ) (-3072 -512 384 ) (-4096 -512 384 ) (-4096 -512 128 ) 
4 277 348 (-4096 -560 384 ) (-4096 -512 384 ) (-4096 -512 16 ) (-4096 -560 16 ) 
4 277 278 (-3072 -560 16 ) (-3072 -560 384 ) (-4096 -560 384 ) (-4096 -560 16 ) 
4 278 349 (-4096 -992 384 ) (-4096 -560 384 ) (-4096 -560 0 ) (-4096 -992 0 ) 
4 279 350 (-4096 -1024 -256 ) (-4096 -1024 -64 ) (-4096 0 -64 ) (-4096 0 -256 ) 
4 279 287 (-3072 -1024 -256 ) (-3072 -1024 -64 ) (-4096 -1024 -64 ) (-4096 -1024 -256 ) 
4 280 284 (-3072 -1296 768 ) (-3072 -1296 3264 ) (-3072 -1024 3264 ) (-3072 -1024 424.421143 ) 
4 281 285 (-3072 -1296 0 ) (-3072 -1296 384 ) (-3072 -1040 384 ) (-3072 -1040 0 ) 
4 281 282 (-2048 -1296 0 ) (-3072 -1296 0 ) (-3072 -1040 0 ) (-2048 -1040 0 ) 
4 282 286 (-3072 -1296 -64 ) (-3072 -1296 0 ) (-3072 -1040 0 ) (-3072 -1040 -64 ) 
4 282 283 (-2048 -1296 -64 ) (-3072 -1296 -64 ) (-3072 -1040 -64 ) (-2048 -1040 -64 ) 
4 283 287 (-3072 -1296 -256 ) (-3072 -1296 -64 ) (-3072 -1024 -64 ) (-3072 -1024 -256 ) 
4 284 376 (-4096 -1296 768 ) (-4096 -1296 3264 ) (-4096 -1024 3264 ) (-4096 -1024 424.421143 ) 
4 285 377 (-4096 -1296 0 ) (-4096 -1296 384 ) (-4096 -1040 384 ) (-4096 -1040 0 ) 
4 285 286 (-3072 -1296 0 ) (-4096 -1296 0 ) (-4096 -1040 0 ) (-3072 -1040 0 ) 
4 286 378 (-4096 -1296 -64 ) (-4096 -1296 0 ) (-4096 -1040 0 ) (-4096 -1040 -64 ) 
4 286 287 (-3072 -1296 -64 ) (-4096 -1296 -64 ) (-4096 -1040 -64 ) (-3072 -1040 -64 ) 
4 287 379 (-4096 -1296 -256 ) (-4096 -1296 -64 ) (-4096 -1024 -64 ) (-4096 -1024 -256 ) 
4 288 299 (-4096 1024 424.421082 ) (-4096 1024 3264 ) (-5120 1024 3264 ) (-5120 1024 424.421143 ) 
4 288 292 (-5120 1024 424.421082 ) (-5120 1024 3264 ) (-5120 1296 3264 ) (-5120 1296 768 ) 
4 289 294 (-5120 1040 384 ) (-5120 1296 384 ) (-5120 1296 0 ) (-5120 1040 0 ) 
4 289 290 (-5120 1040 0 ) (-5120 1296 0 ) (-4096 1296 0 ) (-4096 1040 0 ) 
4 290 297 (-5120 1040 0 ) (-5120 1296 0 ) (-5120 1296 -64 ) (-5120 1040 -64 ) 
4 290 291 (-5120 1040 -64 ) (-5120 1296 -64 ) (-4096 1296 -64 ) (-4096 1040 -64 ) 
4 291 303 (-4096 1024 -256 ) (-4096 1024 -64 ) (-5120 1024 -64 ) (-5120 1024 -256 ) 
4 291 298 (-5120 1024 -256 ) (-5120 1024 -64 ) (-5120 1040 -64 ) (-5120 1040 -256 ) 
4 291 297 (-5120 1040 -64 ) (-5120 1296 -64 ) (-5120 1296 -256 ) (-5120 1040 -256 ) 
4 292 305 (-5120 1024 424.421082 ) (-5120 1024 768 ) (-5344 1024 768 ) (-5344 1024 424.421143 ) 
4 292 304 (-5120 1024 768 ) (-5120 1024 3264 ) (-5344 1024 3264 ) (-5344 1024 768 ) 
4 292 293 (-5344 1296 3264 ) (-5344 1296 768 ) (-5344 1024 768 ) (-5344 1024 3264 ) 
4 293 329 (-6144 1024 768 ) (-6144 1024 3264 ) (-6144 1296 3264 ) (-6144 1296 768 ) 
4 293 304 (-6144 1024 3264 ) (-6144 1024 768 ) (-5344 1024 768 ) (-5344 1024 3264 ) 
4 294 330 (-6144 1040 384 ) (-6144 1296 384 ) (-6144 1296 0 ) (-6144 1040 0 ) 
4 294 297 (-6144 1040 0 ) (-6144 1296 0 ) (-5120 1296 0 ) (-5120 1040 0 ) 
4 294 295 (-6144 1040 0 ) (-5791.998535 1040 0 ) (-5791.998535 1040 384 ) (-6144 1040 384 ) 
4 295 331 (-6144 1024 0 ) (-6144 1024 384 ) (-6144 1040 384 ) (-6144 1040 0 ) 
4 295 308 (-6144 1024 384 ) (-6144 1024 0 ) (-5972 1024 0 ) (-5972 1024 384 ) 
4 295 296 (-5971.994141 1024 0 ) (-5882.002441 1032 0 ) (-5882.001465 1032 384 ) (-5971.996094 1024 384 ) 
4 296 309 (-5931.909180 1024 0 ) (-5907.143066 1024 0 ) (-5907.143066 1024 384 ) (-5931.909180 1024 384 ) 
4 296 308 (-5972 1024 0 ) (-5931.909180 1024 0 ) (-5931.909180 1024 384 ) (-5972 1024 384 ) 
4 297 330 (-6144 1040 0 ) (-6144 1296 0 ) (-6144 1296 -256 ) (-6144 1040 -256 ) 
4 297 298 (-6144 1040 -256 ) (-5120 1040 -256 ) (-5120 1040 -64 ) (-6144 1040 -64 ) 
4 298 332 (-6144 1024 -256 ) (-6144 1024 -64 ) (-6144 1040 -64 ) (-6144 1040 -256 ) 
4 298 328 (-6144 1024 -64 ) (-6144 1024 -256 ) (-5120 1024 -256 ) (-5120 1024 -64 ) 
4 299 346 (-4096 0 384 ) (-4096 0 3264 ) (-5120 0 3264 ) (-5120 0 384 ) 
4 299 314 (-5120 320 384 ) (-5120 0 384 ) (-5120 0 768 ) (-5120 32 768 ) 
4 299 313 (-5120 869.010254 384 ) (-5120 320 384 ) (-5120 32 768 ) (-5120 869.010315 768 ) 
5 299 305 (-5120 1024 768 ) (-5120 1024 424.421143 ) (-5120 992 384 ) (-5120 869.010254 384 ) (-5120 869.010315 768 ) 
4 299 304 (-5120 1024 3264 ) (-5120 1024 768 ) (-5120 0 768 ) (-5120 0 3264 ) 
4 299 302 (-5120 320 384 ) (-5120 512 384 ) (-4096 512 384 ) (-4096 320 384 ) 
4 299 301 (-5120 512 384 ) (-5120 560 384 ) (-4096 560 384 ) (-4096 512 384 ) 
4 299 300 (-5120 560 384 ) (-5120 992 384 ) (-4096 992 384 ) (-4096 560 384 ) 
4 300 320 (-5120 869.010254 0 ) (-5120 560 0 ) (-5120 560 16 ) (-5120 869.010254 16 ) 
4 300 316 (-5120 560 16 ) (-5120 560 128 ) (-5120 869.010254 128 ) (-5120 869.010254 16 ) 
4 300 313 (-5120 560 128 ) (-5120 560 384 ) (-5120 869.010254 384 ) (-5120 869.010254 128 ) 
4 300 306 (-5120 992 0 ) (-5120 869.010254 0 ) (-5120 869.010254 384 ) (-5120 992 384 ) 
4 300 301 (-4096 560 16 ) (-4096 560 384 ) (-5120 560 384 ) (-5120 560 16 ) 
4 301 316 (-5120 512 16 ) (-5120 512 128 ) (-5120 560 128 ) (-5120 560 16 ) 
4 301 313 (-5120 512 128 ) (-5120 512 384 ) (-5120 560 384 ) (-5120 560 128 ) 
4 301 302 (-4096 512 128 ) (-4096 512 384 ) (-5120 512 384 ) (-5120 512 128 ) 
3 302 313 (-5120 320 384 ) (-5120 512 384 ) (-5120 512 128 ) 
4 303 350 (-4096 0 -256 ) (-4096 0 -64 ) (-5120 0 -64 ) (-5120 0 -256 ) 
4 303 328 (-5120 1024 -64 ) (-5120 1024 -256 ) (-5120 0 -256 ) (-5120 0 -64 ) 
4 304 351 (-5120 0 768 ) (-5120 0 3264 ) (-6144 0 3264 ) (-6144 0 768 ) 
4 304 334 (-6144 0 768 ) (-6144 0 3264 ) (-6144 1024 3264 ) (-6144 1024 768 ) 
4 304 314 (-5120 0 768 ) (-6144 0 768 ) (-6144 32 768 ) (-5120 32 768 ) 
4 304 313 (-6144 32 768 ) (-6144 357.010376 768 ) (-5120 869.010315 768 ) (-5120 32 768 ) 
10 304 307 (-6144 357.010376 768 ) (-6144 796.630981 768 ) (-6138 808 768 ) (-6086 870 768 ) (-6024 922 768 ) (-5952 960 768 ) (-5874 984 768 ) (-5792 992 768 ) (-5344 992 768 ) (-5344 757.010315 768 ) 
4 304 305 (-5344 1024 768 ) (-5120 1024 768 ) (-5120 869.010315 768 ) (-5344 757.010315 768 ) 
4 305 313 (-5120 869.010742 384 ) (-5120 869.009766 768 ) (-5344 757.009766 768 ) (-5344 757.010742 384 ) 
4 305 307 (-5344 757.007813 384 ) (-5344 757.007813 768 ) (-5344 992 768 ) (-5344 992 384 ) 
4 305 306 (-5120 869.007813 384 ) (-5344 757.007813 384 ) (-5344 992 384 ) (-5120 992 384 ) 
4 306 320 (-5344 757.011719 0 ) (-5120 869.011719 0 ) (-5120 869.011658 16 ) (-5344 757.011658 16 ) 
4 306 316 (-5120 869.011658 16 ) (-5120 869.011353 128 ) (-5344 757.011353 128 ) (-5344 757.011658 16 ) 
4 306 313 (-5120 869.011353 128 ) (-5120 869.010742 384 ) (-5344 757.010742 384 ) (-5344 757.011353 128 ) 
4 306 307 (-5344 992 0 ) (-5344 757.007813 0 ) (-5344 757.007813 384 ) (-5344 992 384 ) 
4 307 337 (-6144 796.630981 736 ) (-6144 796.630981 0 ) (-6144 357.010376 0 ) (-6144 357.010376 736 ) 
4 307 336 (-6144 357.010376 768 ) (-6144 796.630981 768 ) (-6144 796.630981 736 ) (-6144 357.010376 736 ) 
4 307 327 (-6144 357.011719 0 ) (-5834.023438 512 0 ) (-5834.023438 512 16 ) (-6144 357.011688 16 ) 
4 307 323 (-5759.584961 549.219299 0 ) (-5753.951660 552.035950 0 ) (-5753.951660 552.035950 16 ) (-5759.584961 549.219299 16 ) 
4 307 322 (-5763.326172 547.348694 0 ) (-5759.584961 549.219299 0 ) (-5759.584961 549.219299 16 ) (-5763.326172 547.348694 16 ) 
4 307 321 (-5776 541.011719 0 ) (-5763.326172 547.348694 0 ) (-5763.326172 547.348694 16 ) (-5776 541.011719 16 ) 
4 307 324 (-5834.023438 512 0 ) (-5776 541.011719 0 ) (-5776 541.011719 16 ) (-5834.023438 512 16 ) 
4 307 320 (-5738.023438 560 0 ) (-5344 757.011719 0 ) (-5344 757.011658 16 ) (-5738.023438 560 16 ) 
4 307 317 (-5472 693.011353 128 ) (-5728 565.011353 128 ) (-5728 565.011658 16 ) (-5472 693.011658 16 ) 
4 307 319 (-5728 565.011353 128 ) (-6144 357.011414 128 ) (-6144 357.011688 16 ) (-5728 565.011658 16 ) 
4 307 316 (-5344 757.011658 16 ) (-5344 757.011353 128 ) (-5472 693.011353 128 ) (-5472 693.011658 16 ) 
3 307 315 (-6144 357.010895 334.652161 ) (-6144 357.011414 128 ) (-5834.022949 512 128 ) 
5 307 313 (-5344 757.011353 128 ) (-5344 757.009766 768 ) (-6144 357.009827 768 ) (-6144 357.010895 334.652161 ) (-5834.022949 512 128 ) 
4 308 335 (-6144 1024 384 ) (-6144 1024 0 ) (-6144 992 0 ) (-6144 992 384 ) 
4 308 311 (-6047.085938 992 0 ) (-5992.861816 992 0 ) (-5992.861816 992 384 ) (-6047.085938 992 384 ) 
4 308 310 (-6144 992 0 ) (-6047.085938 992 0 ) (-6047.085938 992 384 ) (-6144 992 384 ) 
4 308 309 (-5931.911621 1024 384 ) (-5970.015625 1003.995300 384 ) (-5970.015625 1003.995300 0 ) (-5931.911621 1024 0 ) 
4 310 338 (-6144 992 736 ) (-6144 992 0 ) (-6144 875.034302 0 ) (-6144 875.034302 736 ) 
4 310 312 (-6119.991211 904.007446 0 ) (-6088.828613 941.617310 0 ) (-6088.828613 941.617310 736 ) (-6119.991211 904.007446 736 ) 
4 310 311 (-6088.828613 941.617310 0 ) (-6047.083008 992 0 ) (-6047.083008 992 736 ) (-6088.828613 941.617310 736 ) 
4 311 312 (-6049.985840 962.011902 736 ) (-6088.839844 941.613281 736 ) (-6088.839844 941.613281 0 ) (-6049.985840 962.011902 0 ) 
3 313 337 (-6144 357.010376 736 ) (-6144 357.010376 334.652832 ) (-6144 56 736 ) 
4 313 336 (-6144 32 768 ) (-6144 357.010376 768 ) (-6144 357.010376 736 ) (-6144 56 736 ) 
4 313 317 (-5728 565.011719 128 ) (-5472 693.011719 128 ) (-5472 512 128 ) (-5728 512 128 ) 
3 313 319 (-5834.023438 512 128 ) (-5728 565.011719 128 ) (-5728 512 128 ) 
4 313 316 (-5472 693.011719 128 ) (-5120 869.011719 128 ) (-5120 512 128 ) (-5472 512 128 ) 
5 313 315 (-6144 357.009766 334.653625 ) (-5834.019531 512 128 ) (-5728 512 128 ) (-5536 320 384 ) (-6144 320 384 ) 
4 313 314 (-5120 320 384 ) (-5120 32 768 ) (-6144 32 768 ) (-6144 320 384 ) 
4 314 361 (-5120 0 384 ) (-5120 0 768 ) (-6144 0 768 ) (-6144 0 384 ) 
4 314 337 (-6144 0 384 ) (-6144 0 736 ) (-6144 56 736 ) (-6144 320 384 ) 
4 314 336 (-6144 0 736 ) (-6144 0 768 ) (-6144 32 768 ) (-6144 56 736 ) 
4 314 315 (-6144 0 384 ) (-6144 320 384 ) (-5536 320 384 ) (-5536 0 384 ) 
4 315 362 (-5536 0 384 ) (-6144 0 384 ) (-6144 0 128 ) (-5728 0 128 ) 
5 315 337 (-6144 0 128 ) (-6144 0 384 ) (-6144 320 384 ) (-6144 357.010376 334.652832 ) (-6144 357.010376 128 ) 
5 315 319 (-6144 0 128 ) (-6144 357.011719 128 ) (-5834.023438 512 128 ) (-5728 512 128 ) (-5728 0 128 ) 
4 316 320 (-5472 560 16 ) (-5472 693.011719 16 ) (-5120 869.011719 16 ) (-5120 560 16 ) 
4 316 317 (-5472 693.011719 16 ) (-5472 512 16 ) (-5472 512 128 ) (-5472 693.007813 128 ) 
4 317 320 (-5728 560 16 ) (-5728 565.011719 16 ) (-5472 693.011719 16 ) (-5472 560 16 ) 
4 317 319 (-5728 565.007813 16 ) (-5728 512 16 ) (-5728 512 128 ) (-5728 565.007813 128 ) 
4 318 364 (-5472 0 128 ) (-5728 0 128 ) (-5728 0 16 ) (-5472 0 16 ) 
4 318 325 (-5472 0 16 ) (-5728 0 16 ) (-5728 192 16 ) (-5472 192 16 ) 
4 318 319 (-5728 192 16 ) (-5728 0 16 ) (-5728 0 128 ) (-5728 192 128 ) 
4 319 366 (-5728 0 128 ) (-6144 0 128 ) (-6144 0 16 ) (-5728 0 16 ) 
4 319 337 (-6144 0 16 ) (-6144 0 128 ) (-6144 357.010376 128 ) (-6144 357.010376 16 ) 
4 319 326 (-5728 0 16 ) (-5776 0 16 ) (-5776 192 16 ) (-5728 192 16 ) 
5 319 327 (-5776 0 16 ) (-6144 0 16 ) (-6144 357.011719 16 ) (-5834.023438 512 16 ) (-5776 512 16 ) 
3 319 323 (-5759.584961 549.219299 16 ) (-5753.951660 552.035950 16 ) (-5762 546 16 ) 
3 319 322 (-5763.326172 547.348694 16 ) (-5759.584961 549.219299 16 ) (-5768.002930 537.995300 16 ) 
3 319 321 (-5776 541.011719 16 ) (-5763.326172 547.348694 16 ) (-5776 522.001038 16 ) 
3 319 324 (-5834.023438 512 16 ) (-5776 541.011719 16 ) (-5776 512 16 ) 
3 319 320 (-5738.023438 560 16 ) (-5728 565.011719 16 ) (-5728 560 16 ) 
4 321 322 (-5768.001953 537.996399 0 ) (-5763.326660 547.347168 0 ) (-5763.326660 547.347168 16 ) (-5768.001953 537.996399 16 ) 
4 321 324 (-5776 522 16 ) (-5776 541.010315 16 ) (-5776 541.010315 0 ) (-5776 522 0 ) 
4 322 323 (-5762.003418 545.997375 0 ) (-5759.589844 549.215210 0 ) (-5759.589844 549.215210 16 ) (-5762.003418 545.997375 16 ) 
4 324 327 (-5776 512 16 ) (-5834.023438 512 16 ) (-5834.023438 512 0 ) (-5776 512 0 ) 
4 325 367 (-5472 0 16 ) (-5728 0 16 ) (-5728 0 0 ) (-5472 0 0 ) 
4 325 326 (-5728 192 0 ) (-5728 0 0 ) (-5728 0 16 ) (-5728 192 16 ) 
4 326 368 (-5728 0 16 ) (-5776 0 16 ) (-5776 0 0 ) (-5728 0 0 ) 
4 326 327 (-5776 192 0 ) (-5776 0 0 ) (-5776 0 16 ) (-5776 192 16 ) 
4 327 369 (-5776 0 16 ) (-6144 0 16 ) (-6144 0 0 ) (-5776 0 0 ) 
4 327 337 (-6144 0 0 ) (-6144 0 16 ) (-6144 357.010376 16 ) (-6144 357.010376 0 ) 
4 328 375 (-5120 0 -256 ) (-5120 0 -64 ) (-6144 0 -64 ) (-6144 0 -256 ) 
4 328 344 (-6144 0 -256 ) (-6144 0 -64 ) (-6144 1024 -64 ) (-6144 1024 -256 ) 
4 329 334 (-6144 1024 768 ) (-6144 1024 3264 ) (-6512 1024 3264 ) (-6512 1024 768 ) 
4 330 331 (-6256 1040 384 ) (-6256 1040 0 ) (-6144 1040 0 ) (-6144 1040 384 ) 
4 330 332 (-6256 1040 -64 ) (-6256 1040 -256 ) (-6144 1040 -256 ) (-6144 1040 -64 ) 
4 330 333 (-6256 1296 -256 ) (-6256 1040 -256 ) (-6256 1040 384 ) (-6256 1296 384 ) 
4 331 340 (-6208 1024 384 ) (-6256 1024 384 ) (-6256 1024 0 ) (-6208 1024 0 ) 
4 331 335 (-6144 1024 0 ) (-6144 1024 384 ) (-6208 1024 384 ) (-6208 1024 0 ) 
4 331 333 (-6256 1024 0 ) (-6256 1024 384 ) (-6256 1040 384 ) (-6256 1040 0 ) 
4 332 344 (-6144 1024 -256 ) (-6144 1024 -64 ) (-6256 1024 -64 ) (-6256 1024 -256 ) 
4 332 333 (-6256 1040 -256 ) (-6256 1024 -256 ) (-6256 1024 -64 ) (-6256 1040 -64 ) 
4 333 345 (-6512 1024 0 ) (-6512 1024 -256 ) (-6256 1024 -256 ) (-6256 1024 0 ) 
4 333 343 (-6256 1024 384 ) (-6512 1024 384 ) (-6512 1024 0 ) (-6256 1024 0 ) 
4 334 387 (-6144 0 768 ) (-6144 0 3264 ) (-6512 0 3264 ) (-6512 0 768 ) 
6 334 336 (-6144 0 768 ) (-6208 0 768 ) (-6208 576 768 ) (-6200 658 768 ) (-6176 736 768 ) (-6144 796.630981 768 ) 
4 335 340 (-6208 1024 0 ) (-6208 992 0 ) (-6208 992 384 ) (-6208 1024 384 ) 
4 335 338 (-6208 992 384 ) (-6208 992 0 ) (-6144 992 0 ) (-6144 992 384 ) 
4 336 388 (-6144 0 736 ) (-6144 0 768 ) (-6208 0 768 ) (-6208 0 736 ) 
6 336 337 (-6144 0 736 ) (-6208 0 736 ) (-6208 576 736 ) (-6200 658 736 ) (-6176 736 736 ) (-6144 796.630981 736 ) 
4 337 389 (-6144 0 0 ) (-6144 0 736 ) (-6208 0 736 ) (-6208 0 0 ) 
4 338 340 (-6208 992 0 ) (-6208 797.793396 0 ) (-6208 797.793396 384 ) (-6208 992 384 ) 
4 338 339 (-6178 834 736 ) (-6208 797.793518 736 ) (-6208 797.793518 0 ) (-6178 834 0 ) 
4 339 340 (-6208 797.793396 0 ) (-6208 776.858032 0 ) (-6208 776.858032 384 ) (-6208 797.793396 384 ) 
4 340 343 (-6256 1024 0 ) (-6256 685.429688 0 ) (-6256 685.429688 384 ) (-6256 1024 384 ) 
4 340 341 (-6219.996094 754.012817 384 ) (-6256 685.433960 384 ) (-6256 685.433960 0 ) (-6219.996094 754.012817 0 ) 
4 341 343 (-6256 685.429688 0 ) (-6256 640.856812 0 ) (-6256 640.856812 384 ) (-6256 685.429688 384 ) 
4 341 342 (-6248 666.004883 384 ) (-6256 640.861450 384 ) (-6256 640.861450 0 ) (-6248 666.004883 0 ) 
4 342 343 (-6256 640.856812 0 ) (-6256 576.002625 0 ) (-6256 576.002563 384 ) (-6256 640.856812 384 ) 
4 343 396 (-6512 0 384 ) (-6512 0 0 ) (-6256 0 0 ) (-6256 0 384 ) 
4 343 345 (-6512 1024 0 ) (-6256 1024 0 ) (-6256 0 0 ) (-6512 0 0 ) 
4 344 397 (-6144 0 -256 ) (-6144 0 -64 ) (-6256 0 -64 ) (-6256 0 -256 ) 
4 344 345 (-6256 1024 -256 ) (-6256 0 -256 ) (-6256 0 -64 ) (-6256 1024 -64 ) 
4 345 398 (-6256 0 0 ) (-6512 0 0 ) (-6512 0 -256 ) (-6256 0 -256 ) 
4 346 376 (-4096 -1024 424.421082 ) (-4096 -1024 3264 ) (-5120 -1024 3264 ) (-5120 -1024 424.421143 ) 
4 346 361 (-5120 0 768 ) (-5120 0 384 ) (-5120 -320 384 ) (-5120 -32 768 ) 
4 346 360 (-5120 -320 384 ) (-5120 -869.010254 384 ) (-5120 -869.010315 768 ) (-5120 -32 768 ) 
5 346 352 (-5120 -869.010254 384 ) (-5120 -992 384 ) (-5120 -1024 424.421082 ) (-5120 -1024 768 ) (-5120 -869.010315 768 ) 
4 346 351 (-5120 0 3264 ) (-5120 0 768 ) (-5120 -1024 768 ) (-5120 -1024 3264 ) 
4 346 349 (-5120 -992 384 ) (-5120 -560 384 ) (-4096 -560 384 ) (-4096 -992 384 ) 
4 346 348 (-5120 -560 384 ) (-5120 -512 384 ) (-4096 -512 384 ) (-4096 -560 384 ) 
4 346 347 (-5120 -512 384 ) (-5120 -320 384 ) (-4096 -320 384 ) (-4096 -512 384 ) 
3 347 360 (-5120 -512 128 ) (-5120 -512 384 ) (-5120 -320 384 ) 
4 347 348 (-4096 -512 128 ) (-4096 -512 384 ) (-5120 -512 384 ) (-5120 -512 128 ) 
4 348 363 (-5120 -560 16 ) (-5120 -560 128 ) (-5120 -512 128 ) (-5120 -512 16 ) 
4 348 360 (-5120 -560 128 ) (-5120 -560 384 ) (-5120 -512 384 ) (-5120 -512 128 ) 
4 348 349 (-4096 -560 16 ) (-4096 -560 384 ) (-5120 -560 384 ) (-5120 -560 16 ) 
4 349 374 (-5120 -560 0 ) (-5120 -869.010254 0 ) (-5120 -869.010254 16 ) (-5120 -560 16 ) 
4 349 363 (-5120 -869.010254 16 ) (-5120 -869.010254 128 ) (-5120 -560 128 ) (-5120 -560 16 ) 
4 349 360 (-5120 -869.010254 128 ) (-5120 -869.010254 384 ) (-5120 -560 384 ) (-5120 -560 128 ) 
4 349 353 (-5120 -869.010254 0 ) (-5120 -992 0 ) (-5120 -992 384 ) (-5120 -869.010254 384 ) 
4 350 379 (-4096 -1024 -256 ) (-4096 -1024 -64 ) (-5120 -1024 -64 ) (-5120 -1024 -256 ) 
4 350 375 (-5120 0 -64 ) (-5120 0 -256 ) (-5120 -1024 -256 ) (-5120 -1024 -64 ) 
4 351 387 (-6144 0 3264 ) (-6144 0 768 ) (-6144 -1024 768 ) (-6144 -1024 3264 ) 
4 351 381 (-5344 -1024 3264 ) (-6144 -1024 3264 ) (-6144 -1024 768 ) (-5344 -1024 768 ) 
4 351 380 (-5120 -1024 768 ) (-5120 -1024 3264 ) (-5344 -1024 3264 ) (-5344 -1024 768 ) 
4 351 361 (-6144 -32 768 ) (-6144 0 768 ) (-5120 0 768 ) (-5120 -32 768 ) 
4 351 360 (-6144 -357.010376 768 ) (-6144 -32 768 ) (-5120 -32 768 ) (-5120 -869.010315 768 ) 
10 351 354 (-5792 -992 768 ) (-5874 -984 768 ) (-5952.001465 -960 768 ) (-6023.998535 -922 768 ) (-6086.001953 -869.998047 768 ) (-6137.998535 -808.002258 768 ) (-6144 -796.630676 768 ) (-6144 -357.010376 768 ) (-5344 -757.010315 768 ) (-5344 -992 768 ) 
4 351 352 (-5120 -1024 768 ) (-5344 -1024 768 ) (-5344 -757.010315 768 ) (-5120 -869.010315 768 ) 
4 352 380 (-5120 -1024 424.421082 ) (-5120 -1024 768 ) (-5344 -1024 768 ) (-5344 -1024 424.421051 ) 
4 352 360 (-5344 -757.010742 384 ) (-5344 -757.011719 768 ) (-5120 -869.011719 768 ) (-5120 -869.010742 384 ) 
4 352 354 (-5344 -757.007813 768 ) (-5344 -757.007813 384 ) (-5344 -992 384 ) (-5344 -992 768 ) 
4 352 353 (-5344 -992 384 ) (-5344 -757.007813 384 ) (-5120 -869.007813 384 ) (-5120 -992 384 ) 
4 353 374 (-5120 -869.009766 0 ) (-5344 -757.009766 0 ) (-5344 -757.009827 16 ) (-5120 -869.009827 16 ) 
4 353 363 (-5344 -757.009827 16 ) (-5344 -757.010132 128 ) (-5120 -869.010132 128 ) (-5120 -869.009827 16 ) 
4 353 360 (-5344 -757.010132 128 ) (-5344 -757.010742 384 ) (-5120 -869.010742 384 ) (-5120 -869.010132 128 ) 
4 353 354 (-5344 -757.007813 384 ) (-5344 -757.007813 0 ) (-5344 -992 0 ) (-5344 -992 384 ) 
4 354 389 (-6144 -357.010376 0 ) (-6144 -796.630676 0 ) (-6144 -796.630676 736 ) (-6144 -357.010376 736 ) 
4 354 388 (-6144 -796.630676 736 ) (-6144 -796.630676 768 ) (-6144 -357.010376 768 ) (-6144 -357.010376 736 ) 
4 354 372 (-5753.959961 -552.029785 0 ) (-5759.588379 -549.215576 0 ) (-5759.588379 -549.215576 16 ) (-5753.959961 -552.029785 16 ) 
4 354 371 (-5759.588379 -549.215576 0 ) (-5763.327637 -547.346008 0 ) (-5763.327637 -547.346008 16 ) (-5759.588379 -549.215576 16 ) 
4 354 370 (-5763.327637 -547.346008 0 ) (-5776 -541.009766 0 ) (-5776 -541.009766 16 ) (-5763.327637 -547.346008 16 ) 
4 354 373 (-5776 -541.009766 0 ) (-5834.019531 -512 0 ) (-5834.019531 -512 16 ) (-5776 -541.009766 16 ) 
4 354 374 (-5344 -757.009766 0 ) (-5738.019531 -560 0 ) (-5738.019531 -560 16 ) (-5344 -757.009827 16 ) 
4 354 369 (-5834.019531 -512 0 ) (-6144 -357.009766 0 ) (-6144 -357.009796 16 ) (-5834.019531 -512 16 ) 
4 354 365 (-5728 -565.010132 128 ) (-5472 -693.010132 128 ) (-5472 -693.009827 16 ) (-5728 -565.009827 16 ) 
4 354 366 (-6144 -357.009796 16 ) (-6144 -357.010071 128 ) (-5728 -565.010132 128 ) (-5728 -565.009827 16 ) 
4 354 363 (-5472 -693.010132 128 ) (-5344 -757.010132 128 ) (-5344 -757.009827 16 ) (-5472 -693.009827 16 ) 
3 354 362 (-6144 -357.010071 128 ) (-6144 -357.010590 334.652527 ) (-5834.020020 -512 128 ) 
5 354 360 (-6144 -357.010590 334.652527 ) (-6144 -357.011719 768 ) (-5344 -757.011719 768 ) (-5344 -757.010132 128 ) (-5834.020020 -512 128 ) 
4 355 390 (-6144 -875.033569 0 ) (-6144 -992 0 ) (-6144 -992 736 ) (-6144 -875.033569 736 ) 
4 355 358 (-6144 -992 0 ) (-6047.085449 -992 0 ) (-6047.085449 -992 384 ) (-6144 -992 384 ) 
4 355 357 (-6088.833496 -941.614868 0 ) (-6120 -904 0 ) (-6120 -904 736 ) (-6088.833496 -941.614868 736 ) 
4 355 356 (-6047.085938 -992 736 ) (-6047.085938 -992 0 ) (-6088.833496 -941.614868 0 ) (-6088.833496 -941.614868 736 ) 
4 356 358 (-6047.085449 -992 0 ) (-5992.861816 -992 0 ) (-5992.861816 -992 384 ) (-6047.085449 -992 384 ) 
4 356 357 (-6088.832031 -941.613281 0 ) (-6088.832031 -941.613281 736 ) (-6050 -962 736 ) (-6050 -962 0 ) 
4 358 392 (-6144 -992 0 ) (-6144 -1024 0 ) (-6144 -1024 384 ) (-6144 -992 384 ) 
4 358 383 (-5972 -1024 0 ) (-5931.909668 -1024 0 ) (-5931.909668 -1024 384 ) (-5972 -1024 384 ) 
4 358 382 (-6144 -1024 384 ) (-6144 -1024 0 ) (-5972 -1024 0 ) (-5972 -1024 384 ) 
4 358 359 (-5970.006348 -1003.997742 384 ) (-5931.906738 -1024 384 ) (-5931.906738 -1024 0 ) (-5970.006348 -1003.997742 0 ) 
4 359 383 (-5931.909668 -1024 0 ) (-5907.142090 -1024 0 ) (-5907.142090 -1024 384 ) (-5931.909668 -1024 384 ) 
3 360 389 (-6144 -357.010376 334.652832 ) (-6144 -357.010376 736 ) (-6144 -56 736 ) 
4 360 388 (-6144 -357.010376 736 ) (-6144 -357.010376 768 ) (-6144 -32 768 ) (-6144 -56 736 ) 
4 360 365 (-5472 -693.003906 128 ) (-5728 -565.003906 128 ) (-5728 -512 128 ) (-5472 -512 128 ) 
3 360 366 (-5728 -565.003906 128 ) (-5834.007813 -512 128 ) (-5728 -512 128 ) 
4 360 363 (-5120 -869.003906 128 ) (-5472 -693.003906 128 ) (-5472 -512 128 ) (-5120 -512 128 ) 
5 360 362 (-5728 -512 128 ) (-5834.019531 -512 128 ) (-6144 -357.009796 334.653656 ) (-6144 -320 384 ) (-5536 -320 384 ) 
4 360 361 (-6144 -320 384 ) (-6144 -32 768 ) (-5120 -32 768 ) (-5120 -320 384 ) 
4 361 389 (-6144 0 736 ) (-6144 0 384 ) (-6144 -320 384 ) (-6144 -56 736 ) 
4 361 388 (-6144 0 768 ) (-6144 0 736 ) (-6144 -56 736 ) (-6144 -32 768 ) 
4 361 362 (-5536 -320 384 ) (-6144 -320 384 ) (-6144 0 384 ) (-5536 0 384 ) 
5 362 389 (-6144 0 384 ) (-6144 0 128 ) (-6144 -357.010376 128 ) (-6144 -357.010376 334.652832 ) (-6144 -320 384 ) 
5 362 366 (-5834.007813 -512 128 ) (-6144 -357.003937 128 ) (-6144 0 128 ) (-5728 0 128 ) (-5728 -512 128 ) 
4 363 374 (-5120 -869.003906 16 ) (-5472 -693.003906 16 ) (-5472 -560 16 ) (-5120 -560 16 ) 
4 363 365 (-5472 -512 16 ) (-5472 -693.007813 16 ) (-5472 -693.011719 128 ) (-5472 -512 128 ) 
4 364 367 (-5728 -192 16 ) (-5728 0 16 ) (-5472 0 16 ) (-5472 -192 16 ) 
4 364 366 (-5728 0 16 ) (-5728 -192 16 ) (-5728 -192 128 ) (-5728 0 128 ) 
4 365 374 (-5472 -693.003906 16 ) (-5728 -565.003906 16 ) (-5728 -560 16 ) (-5472 -560 16 ) 
4 365 366 (-5728 -512 16 ) (-5728 -565.007813 16 ) (-5728 -565.007813 128 ) (-5728 -512 128 ) 
4 366 389 (-6144 0 128 ) (-6144 0 16 ) (-6144 -357.010376 16 ) (-6144 -357.010376 128 ) 
3 366 372 (-5753.983398 -552.012207 16 ) (-5759.595215 -549.206360 16 ) (-5762 -546 16 ) 
3 366 371 (-5759.595215 -549.206360 16 ) (-5763.331543 -547.338257 16 ) (-5768.001953 -537.997314 16 ) 
3 366 370 (-5763.331543 -547.338257 16 ) (-5776 -541.003906 16 ) (-5776 -522 16 ) 
3 366 373 (-5776 -541.003906 16 ) (-5834.007813 -512 16 ) (-5776 -512 16 ) 
3 366 374 (-5728 -565.003906 16 ) (-5738.007813 -560 16 ) (-5728 -560 16 ) 
4 366 368 (-5776 0 16 ) (-5728 0 16 ) (-5728 -192 16 ) (-5776 -192 16 ) 
5 366 369 (-5834.007813 -512 16 ) (-6144 -357.003906 16 ) (-6144 0 16 ) (-5776 0 16 ) (-5776 -512 16 ) 
4 367 368 (-5728 0 0 ) (-5728 -192 0 ) (-5728 -192 16 ) (-5728 0 16 ) 
4 368 369 (-5776 0 0 ) (-5776 -192 0 ) (-5776 -192 16 ) (-5776 0 16 ) 
4 369 389 (-6144 0 16 ) (-6144 0 0 ) (-6144 -357.010376 0 ) (-6144 -357.010376 16 ) 
4 369 373 (-5776 -512 16 ) (-5834.023438 -512 16 ) (-5834.023438 -512 0 ) (-5776 -512 0 ) 
4 370 371 (-5768 -537.998840 16 ) (-5763.326660 -547.347168 16 ) (-5763.326660 -547.347168 0 ) (-5768 -537.998840 0 ) 
4 370 373 (-5776 -522 0 ) (-5776 -541.010315 0 ) (-5776 -541.010315 16 ) (-5776 -522 16 ) 
4 371 372 (-5762.003418 -545.997375 16 ) (-5759.589844 -549.215210 16 ) (-5759.589844 -549.215210 0 ) (-5762.003418 -545.997375 0 ) 
4 375 397 (-6144 0 -64 ) (-6144 0 -256 ) (-6144 -1024 -256 ) (-6144 -1024 -64 ) 
4 375 385 (-5120 -1024 -256 ) (-5120 -1024 -64 ) (-6144 -1024 -64 ) (-6144 -1024 -256 ) 
4 376 380 (-5120 -1296 768 ) (-5120 -1296 3264 ) (-5120 -1024 3264 ) (-5120 -1024 424.421143 ) 
4 377 384 (-5120 -1296 0 ) (-5120 -1296 384 ) (-5120 -1040 384 ) (-5120 -1040 0 ) 
4 377 378 (-4096 -1296 0 ) (-5120 -1296 0 ) (-5120 -1040 0 ) (-4096 -1040 0 ) 
4 378 386 (-5120 -1296 -64 ) (-5120 -1296 0 ) (-5120 -1040 0 ) (-5120 -1040 -64 ) 
4 378 379 (-4096 -1296 -64 ) (-5120 -1296 -64 ) (-5120 -1040 -64 ) (-4096 -1040 -64 ) 
4 379 385 (-5120 -1040 -64 ) (-5120 -1024 -64 ) (-5120 -1024 -256 ) (-5120 -1040 -256 ) 
4 379 386 (-5120 -1296 -256 ) (-5120 -1296 -64 ) (-5120 -1040 -64 ) (-5120 -1040 -256 ) 
4 380 381 (-5344 -1024 3264 ) (-5344 -1024 768 ) (-5344 -1296 768 ) (-5344 -1296 3264 ) 
4 381 399 (-6144 -1024 3264 ) (-6144 -1024 768 ) (-6144 -1296 768 ) (-6144 -1296 3264 ) 
4 382 400 (-6144 -1040 384 ) (-6144 -1024 384 ) (-6144 -1024 0 ) (-6144 -1040 0 ) 
4 382 384 (-6144 -1040 0 ) (-5792 -1040 0 ) (-5792 -1040 384 ) (-6144 -1040 384 ) 
4 382 383 (-5882 -1032 0 ) (-5971.996094 -1024 0 ) (-5971.994141 -1024 384 ) (-5882.001465 -1032 384 ) 
4 384 402 (-6144 -1296 384 ) (-6144 -1040 384 ) (-6144 -1040 0 ) (-6144 -1296 0 ) 
4 384 386 (-6144 -1296 0 ) (-6144 -1040 0 ) (-5120 -1040 0 ) (-5120 -1296 0 ) 
4 385 401 (-6144 -1024 -64 ) (-6144 -1024 -256 ) (-6144 -1040 -256 ) (-6144 -1040 -64 ) 
4 385 386 (-6144 -1040 -256 ) (-5120 -1040 -256 ) (-5120 -1040 -64 ) (-6144 -1040 -64 ) 
4 386 402 (-6144 -1296 0 ) (-6144 -1040 0 ) (-6144 -1040 -256 ) (-6144 -1296 -256 ) 
4 387 399 (-6144 -1024 768 ) (-6144 -1024 3264 ) (-6512 -1024 3264 ) (-6512 -1024 768 ) 
6 387 388 (-6208 -576.002075 768 ) (-6208 0 768 ) (-6144 0 768 ) (-6144 -796.631409 768 ) (-6176 -736 768 ) (-6200 -657.998779 768 ) 
6 388 389 (-6208 -576.002075 736 ) (-6208 0 736 ) (-6144 0 736 ) (-6144 -796.631409 736 ) (-6176 -736 736 ) (-6200 -657.998779 736 ) 
4 390 393 (-6208 -797.792603 0 ) (-6208 -992 0 ) (-6208 -992 384 ) (-6208 -797.792603 384 ) 
4 390 392 (-6208 -992 384 ) (-6208 -992 0 ) (-6144 -992 0 ) (-6144 -992 384 ) 
4 390 391 (-6178 -834 0 ) (-6208 -797.792969 0 ) (-6208 -797.792969 736 ) (-6178 -834 736 ) 
4 391 395 (-6208 -776.857178 0 ) (-6208 -791.714905 0 ) (-6208 -791.714905 384 ) (-6208 -776.857178 384 ) 
4 391 393 (-6208 -791.714905 0 ) (-6208 -797.792603 0 ) (-6208 -797.792603 384 ) (-6208 -791.714905 384 ) 
4 392 400 (-6144 -1024 0 ) (-6144 -1024 384 ) (-6208 -1024 384 ) (-6208 -1024 0 ) 
4 392 393 (-6208 -992 0 ) (-6208 -1024 0 ) (-6208 -1024 384 ) (-6208 -992 384 ) 
4 393 400 (-6256 -1024 384 ) (-6256 -1024 0 ) (-6208 -1024 0 ) (-6208 -1024 384 ) 
4 393 396 (-6256 -640.856628 0 ) (-6256 -1024 0 ) (-6256 -1024 384 ) (-6256 -640.856689 384 ) 
4 393 395 (-6220 -754 384 ) (-6208 -791.713989 384 ) (-6208 -791.713989 0 ) (-6220 -754 0 ) 
4 393 394 (-6256 -640.855469 0 ) (-6256 -640.855469 384 ) (-6248 -666 384 ) (-6248 -666 0 ) 
4 394 396 (-6256 -575.996948 0 ) (-6256 -640.856628 0 ) (-6256 -640.856689 384 ) (-6256 -575.997009 384 ) 
4 396 403 (-6512 -1024 384 ) (-6512 -1024 0 ) (-6256 -1024 0 ) (-6256 -1024 384 ) 
4 396 398 (-6512 0 0 ) (-6256 0 0 ) (-6256 -1024 0 ) (-6512 -1024 0 ) 
4 397 401 (-6144 -1024 -256 ) (-6144 -1024 -64 ) (-6256 -1024 -64 ) (-6256 -1024 -256 ) 
4 397 398 (-6256 0 -256 ) (-6256 -1024 -256 ) (-6256 -1024 -64 ) (-6256 0 -64 ) 
4 398 403 (-6256 -1024 0 ) (-6512 -1024 0 ) (-6512 -1024 -256 ) (-6256 -1024 -256 ) 
4 400 403 (-6256 -1040 0 ) (-6256 -1040 384 ) (-6256 -1024 384 ) (-6256 -1024 0 ) 
4 400 402 (-6256 -1040 384 ) (-6256 -1040 0 ) (-6144 -1040 0 ) (-6144 -1040 384 ) 
4 401 402 (-6256 -1040 -64 ) (-6256 -1040 -256 ) (-6144 -1040 -256 ) (-6144 -1040 -64 ) 
4 401 403 (-6256 -1024 -256 ) (-6256 -1040 -256 ) (-6256 -1040 -64 ) (-6256 -1024 -64 ) 
4 402 403 (-6256 -1040 -256 ) (-6256 -1296 -256 ) (-6256 -1296 384 ) (-6256 -1040 384 ) 
